<?xml version="1.0" encoding="UTF-8"?>
<!-- Generated by org.testng.reporters.JUnitReportReporter -->
<testsuite hostname="DESKTOP-H3UQ7ED" failures="0" tests="1" name="tests.TC08_SelectFromBrands" time="69.462" errors="0" timestamp="2023-11-19T23:19:51 IST" skipped="0">
  <testcase classname="tests.TC08_SelectFromBrands" name="SelectFromBrands" time="69.462"/>
</testsuite> <!-- tests.TC08_SelectFromBrands -->
