<?xml version="1.0" encoding="UTF-8"?>
<!-- Generated by org.testng.reporters.JUnitReportReporter -->
<testsuite hostname="DESKTOP-H3UQ7ED" failures="0" tests="1" name="tests.TC07_SelectFromShopBy" time="36.412" errors="0" timestamp="2023-11-19T23:12:18 IST" skipped="0">
  <testcase classname="tests.TC07_SelectFromShopBy" name="SelectFromShopBy" time="36.412"/>
</testsuite> <!-- tests.TC07_SelectFromShopBy -->
