<?xml version="1.0" encoding="UTF-8"?>
<!-- Generated by org.testng.reporters.JUnitReportReporter -->
<testsuite hostname="DESKTOP-H3UQ7ED" failures="0" tests="1" name="tests.TC04_ValidateTitle" time="32.079" errors="0" timestamp="2024-01-07T23:05:09 IST" skipped="0">
  <testcase classname="tests.TC04_ValidateTitle" name="validatetitle" time="32.079"/>
</testsuite> <!-- tests.TC04_ValidateTitle -->
