<?xml version="1.0" encoding="UTF-8"?>
<!-- Generated by org.testng.reporters.JUnitReportReporter -->
<testsuite hostname="DESKTOP-H3UQ7ED" failures="0" tests="1" name="tests.HeadlessChrome" time="34.489" errors="0" timestamp="2023-12-09T16:43:21 IST" skipped="0">
  <testcase classname="tests.HeadlessChrome" name="Headless" time="34.489"/>
</testsuite> <!-- tests.HeadlessChrome -->
