<?xml version="1.0" encoding="UTF-8"?>
<!-- Generated by org.testng.reporters.JUnitReportReporter -->
<testsuite hostname="DESKTOP-H3UQ7ED" failures="0" tests="1" name="tests.TC05_ValidateBottomLinks" time="59.008" errors="0" timestamp="2024-01-08T09:36:24 IST" skipped="0">
  <testcase classname="tests.TC05_ValidateBottomLinks" name="ValidateBottomLinks" time="59.008"/>
</testsuite> <!-- tests.TC05_ValidateBottomLinks -->
