<?xml version="1.0" encoding="UTF-8"?>
<!-- Generated by org.testng.reporters.JUnitReportReporter -->
<testsuite hostname="DESKTOP-H3UQ7ED" failures="0" tests="1" name="tests.TC10_HeadlessChrome" time="4.800" errors="1" timestamp="2023-12-15T11:29:15 IST" skipped="0">
  <testcase classname="tests.TC10_HeadlessChrome" name="HeadlessChrome" time="4.800">
    <error type="java.lang.StackOverflowError">
      <![CDATA[java.lang.StackOverflowError
at tests.TC10_HeadlessChrome.HeadlessChrome(TC10_HeadlessChrome.java:13)
at tests.TC10_HeadlessChrome.HeadlessChrome(TC10_HeadlessChrome.java:13)
at tests.TC10_HeadlessChrome.HeadlessChrome(TC10_HeadlessChrome.java:13)
at tests.TC10_HeadlessChrome.HeadlessChrome(TC10_HeadlessChrome.java:13)
at tests.TC10_HeadlessChrome.HeadlessChrome(TC10_HeadlessChrome.java:13)
at tests.TC10_HeadlessChrome.HeadlessChrome(TC10_HeadlessChrome.java:13)
at tests.TC10_HeadlessChrome.HeadlessChrome(TC10_HeadlessChrome.java:13)
at tests.TC10_HeadlessChrome.HeadlessChrome(TC10_HeadlessChrome.java:13)
at tests.TC10_HeadlessChrome.HeadlessChrome(TC10_HeadlessChrome.java:13)
at tests.TC10_HeadlessChrome.HeadlessChrome(TC10_HeadlessChrome.java:13)
at tests.TC10_HeadlessChrome.HeadlessChrome(TC10_HeadlessChrome.java:13)
at tests.TC10_HeadlessChrome.HeadlessChrome(TC10_HeadlessChrome.java:13)
at tests.TC10_HeadlessChrome.HeadlessChrome(TC10_HeadlessChrome.java:13)
at tests.TC10_HeadlessChrome.HeadlessChrome(TC10_HeadlessChrome.java:13)
at tests.TC10_HeadlessChrome.HeadlessChrome(TC10_HeadlessChrome.java:13)
at tests.TC10_HeadlessChrome.HeadlessChrome(TC10_HeadlessChrome.java:13)
at tests.TC10_HeadlessChrome.HeadlessChrome(TC10_HeadlessChrome.java:13)
at tests.TC10_HeadlessChrome.HeadlessChrome(TC10_HeadlessChrome.java:13)
at tests.TC10_HeadlessChrome.HeadlessChrome(TC10_HeadlessChrome.java:13)
at tests.TC10_HeadlessChrome.HeadlessChrome(TC10_HeadlessChrome.java:13)
at tests.TC10_HeadlessChrome.HeadlessChrome(TC10_HeadlessChrome.java:13)
at tests.TC10_HeadlessChrome.HeadlessChrome(TC10_HeadlessChrome.java:13)
at tests.TC10_HeadlessChrome.HeadlessChrome(TC10_HeadlessChrome.java:13)
at tests.TC10_HeadlessChrome.HeadlessChrome(TC10_HeadlessChrome.java:13)
at tests.TC10_HeadlessChrome.HeadlessChrome(TC10_HeadlessChrome.java:13)
at tests.TC10_HeadlessChrome.HeadlessChrome(TC10_HeadlessChrome.java:13)
at tests.TC10_HeadlessChrome.HeadlessChrome(TC10_HeadlessChrome.java:13)
at tests.TC10_HeadlessChrome.HeadlessChrome(TC10_HeadlessChrome.java:13)
at tests.TC10_HeadlessChrome.HeadlessChrome(TC10_HeadlessChrome.java:13)
at tests.TC10_HeadlessChrome.HeadlessChrome(TC10_HeadlessChrome.java:13)
at tests.TC10_HeadlessChrome.HeadlessChrome(TC10_HeadlessChrome.java:13)
at tests.TC10_HeadlessChrome.HeadlessChrome(TC10_HeadlessChrome.java:13)
at tests.TC10_HeadlessChrome.HeadlessChrome(TC10_HeadlessChrome.java:13)
at tests.TC10_HeadlessChrome.HeadlessChrome(TC10_HeadlessChrome.java:13)
at tests.TC10_HeadlessChrome.HeadlessChrome(TC10_HeadlessChrome.java:13)
at tests.TC10_HeadlessChrome.HeadlessChrome(TC10_HeadlessChrome.java:13)
at tests.TC10_HeadlessChrome.HeadlessChrome(TC10_HeadlessChrome.java:13)
at tests.TC10_HeadlessChrome.HeadlessChrome(TC10_HeadlessChrome.java:13)
at tests.TC10_HeadlessChrome.HeadlessChrome(TC10_HeadlessChrome.java:13)
at tests.TC10_HeadlessChrome.HeadlessChrome(TC10_HeadlessChrome.java:13)
at tests.TC10_HeadlessChrome.HeadlessChrome(TC10_HeadlessChrome.java:13)
at tests.TC10_HeadlessChrome.HeadlessChrome(TC10_HeadlessChrome.java:13)
at tests.TC10_HeadlessChrome.HeadlessChrome(TC10_HeadlessChrome.java:13)
at tests.TC10_HeadlessChrome.HeadlessChrome(TC10_HeadlessChrome.java:13)
at tests.TC10_HeadlessChrome.HeadlessChrome(TC10_HeadlessChrome.java:13)
at tests.TC10_HeadlessChrome.HeadlessChrome(TC10_HeadlessChrome.java:13)
at tests.TC10_HeadlessChrome.HeadlessChrome(TC10_HeadlessChrome.java:13)
at tests.TC10_HeadlessChrome.HeadlessChrome(TC10_HeadlessChrome.java:13)
at tests.TC10_HeadlessChrome.HeadlessChrome(TC10_HeadlessChrome.java:13)
at tests.TC10_HeadlessChrome.HeadlessChrome(TC10_HeadlessChrome.java:13)
at tests.TC10_HeadlessChrome.HeadlessChrome(TC10_HeadlessChrome.java:13)
at tests.TC10_HeadlessChrome.HeadlessChrome(TC10_HeadlessChrome.java:13)
at tests.TC10_HeadlessChrome.HeadlessChrome(TC10_HeadlessChrome.java:13)
at tests.TC10_HeadlessChrome.HeadlessChrome(TC10_HeadlessChrome.java:13)
at tests.TC10_HeadlessChrome.HeadlessChrome(TC10_HeadlessChrome.java:13)
at tests.TC10_HeadlessChrome.HeadlessChrome(TC10_HeadlessChrome.java:13)
at tests.TC10_HeadlessChrome.HeadlessChrome(TC10_HeadlessChrome.java:13)
at tests.TC10_HeadlessChrome.HeadlessChrome(TC10_HeadlessChrome.java:13)
at tests.TC10_HeadlessChrome.HeadlessChrome(TC10_HeadlessChrome.java:13)
at tests.TC10_HeadlessChrome.HeadlessChrome(TC10_HeadlessChrome.java:13)
at tests.TC10_HeadlessChrome.HeadlessChrome(TC10_HeadlessChrome.java:13)
at tests.TC10_HeadlessChrome.HeadlessChrome(TC10_HeadlessChrome.java:13)
at tests.TC10_HeadlessChrome.HeadlessChrome(TC10_HeadlessChrome.java:13)
at tests.TC10_HeadlessChrome.HeadlessChrome(TC10_HeadlessChrome.java:13)
at tests.TC10_HeadlessChrome.HeadlessChrome(TC10_HeadlessChrome.java:13)
at tests.TC10_HeadlessChrome.HeadlessChrome(TC10_HeadlessChrome.java:13)
at tests.TC10_HeadlessChrome.HeadlessChrome(TC10_HeadlessChrome.java:13)
at tests.TC10_HeadlessChrome.HeadlessChrome(TC10_HeadlessChrome.java:13)
at tests.TC10_HeadlessChrome.HeadlessChrome(TC10_HeadlessChrome.java:13)
at tests.TC10_HeadlessChrome.HeadlessChrome(TC10_HeadlessChrome.java:13)
at tests.TC10_HeadlessChrome.HeadlessChrome(TC10_HeadlessChrome.java:13)
at tests.TC10_HeadlessChrome.HeadlessChrome(TC10_HeadlessChrome.java:13)
at tests.TC10_HeadlessChrome.HeadlessChrome(TC10_HeadlessChrome.java:13)
at tests.TC10_HeadlessChrome.HeadlessChrome(TC10_HeadlessChrome.java:13)
at tests.TC10_HeadlessChrome.HeadlessChrome(TC10_HeadlessChrome.java:13)
at tests.TC10_HeadlessChrome.HeadlessChrome(TC10_HeadlessChrome.java:13)
at tests.TC10_HeadlessChrome.HeadlessChrome(TC10_HeadlessChrome.java:13)
at tests.TC10_HeadlessChrome.HeadlessChrome(TC10_HeadlessChrome.java:13)
at tests.TC10_HeadlessChrome.HeadlessChrome(TC10_HeadlessChrome.java:13)
at tests.TC10_HeadlessChrome.HeadlessChrome(TC10_HeadlessChrome.java:13)
at tests.TC10_HeadlessChrome.HeadlessChrome(TC10_HeadlessChrome.java:13)
at tests.TC10_HeadlessChrome.HeadlessChrome(TC10_HeadlessChrome.java:13)
at tests.TC10_HeadlessChrome.HeadlessChrome(TC10_HeadlessChrome.java:13)
at tests.TC10_HeadlessChrome.HeadlessChrome(TC10_HeadlessChrome.java:13)
at tests.TC10_HeadlessChrome.HeadlessChrome(TC10_HeadlessChrome.java:13)
at tests.TC10_HeadlessChrome.HeadlessChrome(TC10_HeadlessChrome.java:13)
at tests.TC10_HeadlessChrome.HeadlessChrome(TC10_HeadlessChrome.java:13)
at tests.TC10_HeadlessChrome.HeadlessChrome(TC10_HeadlessChrome.java:13)
at tests.TC10_HeadlessChrome.HeadlessChrome(TC10_HeadlessChrome.java:13)
at tests.TC10_HeadlessChrome.HeadlessChrome(TC10_HeadlessChrome.java:13)
at tests.TC10_HeadlessChrome.HeadlessChrome(TC10_HeadlessChrome.java:13)
at tests.TC10_HeadlessChrome.HeadlessChrome(TC10_HeadlessChrome.java:13)
at tests.TC10_HeadlessChrome.HeadlessChrome(TC10_HeadlessChrome.java:13)
at tests.TC10_HeadlessChrome.HeadlessChrome(TC10_HeadlessChrome.java:13)
at tests.TC10_HeadlessChrome.HeadlessChrome(TC10_HeadlessChrome.java:13)
at tests.TC10_HeadlessChrome.HeadlessChrome(TC10_HeadlessChrome.java:13)
at tests.TC10_HeadlessChrome.HeadlessChrome(TC10_HeadlessChrome.java:13)
at tests.TC10_HeadlessChrome.HeadlessChrome(TC10_HeadlessChrome.java:13)
at tests.TC10_HeadlessChrome.HeadlessChrome(TC10_HeadlessChrome.java:13)
at tests.TC10_HeadlessChrome.HeadlessChrome(TC10_HeadlessChrome.java:13)
at tests.TC10_HeadlessChrome.HeadlessChrome(TC10_HeadlessChrome.java:13)
at tests.TC10_HeadlessChrome.HeadlessChrome(TC10_HeadlessChrome.java:13)
at tests.TC10_HeadlessChrome.HeadlessChrome(TC10_HeadlessChrome.java:13)
at tests.TC10_HeadlessChrome.HeadlessChrome(TC10_HeadlessChrome.java:13)
at tests.TC10_HeadlessChrome.HeadlessChrome(TC10_HeadlessChrome.java:13)
at tests.TC10_HeadlessChrome.HeadlessChrome(TC10_HeadlessChrome.java:13)
at tests.TC10_HeadlessChrome.HeadlessChrome(TC10_HeadlessChrome.java:13)
at tests.TC10_HeadlessChrome.HeadlessChrome(TC10_HeadlessChrome.java:13)
at tests.TC10_HeadlessChrome.HeadlessChrome(TC10_HeadlessChrome.java:13)
at tests.TC10_HeadlessChrome.HeadlessChrome(TC10_HeadlessChrome.java:13)
at tests.TC10_HeadlessChrome.HeadlessChrome(TC10_HeadlessChrome.java:13)
at tests.TC10_HeadlessChrome.HeadlessChrome(TC10_HeadlessChrome.java:13)
at tests.TC10_HeadlessChrome.HeadlessChrome(TC10_HeadlessChrome.java:13)
at tests.TC10_HeadlessChrome.HeadlessChrome(TC10_HeadlessChrome.java:13)
at tests.TC10_HeadlessChrome.HeadlessChrome(TC10_HeadlessChrome.java:13)
at tests.TC10_HeadlessChrome.HeadlessChrome(TC10_HeadlessChrome.java:13)
at tests.TC10_HeadlessChrome.HeadlessChrome(TC10_HeadlessChrome.java:13)
at tests.TC10_HeadlessChrome.HeadlessChrome(TC10_HeadlessChrome.java:13)
at tests.TC10_HeadlessChrome.HeadlessChrome(TC10_HeadlessChrome.java:13)
at tests.TC10_HeadlessChrome.HeadlessChrome(TC10_HeadlessChrome.java:13)
at tests.TC10_HeadlessChrome.HeadlessChrome(TC10_HeadlessChrome.java:13)
at tests.TC10_HeadlessChrome.HeadlessChrome(TC10_HeadlessChrome.java:13)
at tests.TC10_HeadlessChrome.HeadlessChrome(TC10_HeadlessChrome.java:13)
at tests.TC10_HeadlessChrome.HeadlessChrome(TC10_HeadlessChrome.java:13)
at tests.TC10_HeadlessChrome.HeadlessChrome(TC10_HeadlessChrome.java:13)
at tests.TC10_HeadlessChrome.HeadlessChrome(TC10_HeadlessChrome.java:13)
at tests.TC10_HeadlessChrome.HeadlessChrome(TC10_HeadlessChrome.java:13)
at tests.TC10_HeadlessChrome.HeadlessChrome(TC10_HeadlessChrome.java:13)
at tests.TC10_HeadlessChrome.HeadlessChrome(TC10_HeadlessChrome.java:13)
at tests.TC10_HeadlessChrome.HeadlessChrome(TC10_HeadlessChrome.java:13)
at tests.TC10_HeadlessChrome.HeadlessChrome(TC10_HeadlessChrome.java:13)
at tests.TC10_HeadlessChrome.HeadlessChrome(TC10_HeadlessChrome.java:13)
at tests.TC10_HeadlessChrome.HeadlessChrome(TC10_HeadlessChrome.java:13)
at tests.TC10_HeadlessChrome.HeadlessChrome(TC10_HeadlessChrome.java:13)
at tests.TC10_HeadlessChrome.HeadlessChrome(TC10_HeadlessChrome.java:13)
at tests.TC10_HeadlessChrome.HeadlessChrome(TC10_HeadlessChrome.java:13)
at tests.TC10_HeadlessChrome.HeadlessChrome(TC10_HeadlessChrome.java:13)
at tests.TC10_HeadlessChrome.HeadlessChrome(TC10_HeadlessChrome.java:13)
at tests.TC10_HeadlessChrome.HeadlessChrome(TC10_HeadlessChrome.java:13)
at tests.TC10_HeadlessChrome.HeadlessChrome(TC10_HeadlessChrome.java:13)
at tests.TC10_HeadlessChrome.HeadlessChrome(TC10_HeadlessChrome.java:13)
at tests.TC10_HeadlessChrome.HeadlessChrome(TC10_HeadlessChrome.java:13)
at tests.TC10_HeadlessChrome.HeadlessChrome(TC10_HeadlessChrome.java:13)
at tests.TC10_HeadlessChrome.HeadlessChrome(TC10_HeadlessChrome.java:13)
at tests.TC10_HeadlessChrome.HeadlessChrome(TC10_HeadlessChrome.java:13)
at tests.TC10_HeadlessChrome.HeadlessChrome(TC10_HeadlessChrome.java:13)
at tests.TC10_HeadlessChrome.HeadlessChrome(TC10_HeadlessChrome.java:13)
at tests.TC10_HeadlessChrome.HeadlessChrome(TC10_HeadlessChrome.java:13)
at tests.TC10_HeadlessChrome.HeadlessChrome(TC10_HeadlessChrome.java:13)
at tests.TC10_HeadlessChrome.HeadlessChrome(TC10_HeadlessChrome.java:13)
at tests.TC10_HeadlessChrome.HeadlessChrome(TC10_HeadlessChrome.java:13)
at tests.TC10_HeadlessChrome.HeadlessChrome(TC10_HeadlessChrome.java:13)
at tests.TC10_HeadlessChrome.HeadlessChrome(TC10_HeadlessChrome.java:13)
at tests.TC10_HeadlessChrome.HeadlessChrome(TC10_HeadlessChrome.java:13)
at tests.TC10_HeadlessChrome.HeadlessChrome(TC10_HeadlessChrome.java:13)
at tests.TC10_HeadlessChrome.HeadlessChrome(TC10_HeadlessChrome.java:13)
at tests.TC10_HeadlessChrome.HeadlessChrome(TC10_HeadlessChrome.java:13)
at tests.TC10_HeadlessChrome.HeadlessChrome(TC10_HeadlessChrome.java:13)
at tests.TC10_HeadlessChrome.HeadlessChrome(TC10_HeadlessChrome.java:13)
at tests.TC10_HeadlessChrome.HeadlessChrome(TC10_HeadlessChrome.java:13)
at tests.TC10_HeadlessChrome.HeadlessChrome(TC10_HeadlessChrome.java:13)
at tests.TC10_HeadlessChrome.HeadlessChrome(TC10_HeadlessChrome.java:13)
at tests.TC10_HeadlessChrome.HeadlessChrome(TC10_HeadlessChrome.java:13)
at tests.TC10_HeadlessChrome.HeadlessChrome(TC10_HeadlessChrome.java:13)
at tests.TC10_HeadlessChrome.HeadlessChrome(TC10_HeadlessChrome.java:13)
at tests.TC10_HeadlessChrome.HeadlessChrome(TC10_HeadlessChrome.java:13)
at tests.TC10_HeadlessChrome.HeadlessChrome(TC10_HeadlessChrome.java:13)
at tests.TC10_HeadlessChrome.HeadlessChrome(TC10_HeadlessChrome.java:13)
at tests.TC10_HeadlessChrome.HeadlessChrome(TC10_HeadlessChrome.java:13)
at tests.TC10_HeadlessChrome.HeadlessChrome(TC10_HeadlessChrome.java:13)
at tests.TC10_HeadlessChrome.HeadlessChrome(TC10_HeadlessChrome.java:13)
at tests.TC10_HeadlessChrome.HeadlessChrome(TC10_HeadlessChrome.java:13)
at tests.TC10_HeadlessChrome.HeadlessChrome(TC10_HeadlessChrome.java:13)
at tests.TC10_HeadlessChrome.HeadlessChrome(TC10_HeadlessChrome.java:13)
at tests.TC10_HeadlessChrome.HeadlessChrome(TC10_HeadlessChrome.java:13)
at tests.TC10_HeadlessChrome.HeadlessChrome(TC10_HeadlessChrome.java:13)
at tests.TC10_HeadlessChrome.HeadlessChrome(TC10_HeadlessChrome.java:13)
at tests.TC10_HeadlessChrome.HeadlessChrome(TC10_HeadlessChrome.java:13)
at tests.TC10_HeadlessChrome.HeadlessChrome(TC10_HeadlessChrome.java:13)
at tests.TC10_HeadlessChrome.HeadlessChrome(TC10_HeadlessChrome.java:13)
at tests.TC10_HeadlessChrome.HeadlessChrome(TC10_HeadlessChrome.java:13)
at tests.TC10_HeadlessChrome.HeadlessChrome(TC10_HeadlessChrome.java:13)
at tests.TC10_HeadlessChrome.HeadlessChrome(TC10_HeadlessChrome.java:13)
at tests.TC10_HeadlessChrome.HeadlessChrome(TC10_HeadlessChrome.java:13)
at tests.TC10_HeadlessChrome.HeadlessChrome(TC10_HeadlessChrome.java:13)
at tests.TC10_HeadlessChrome.HeadlessChrome(TC10_HeadlessChrome.java:13)
at tests.TC10_HeadlessChrome.HeadlessChrome(TC10_HeadlessChrome.java:13)
at tests.TC10_HeadlessChrome.HeadlessChrome(TC10_HeadlessChrome.java:13)
at tests.TC10_HeadlessChrome.HeadlessChrome(TC10_HeadlessChrome.java:13)
at tests.TC10_HeadlessChrome.HeadlessChrome(TC10_HeadlessChrome.java:13)
at tests.TC10_HeadlessChrome.HeadlessChrome(TC10_HeadlessChrome.java:13)
at tests.TC10_HeadlessChrome.HeadlessChrome(TC10_HeadlessChrome.java:13)
at tests.TC10_HeadlessChrome.HeadlessChrome(TC10_HeadlessChrome.java:13)
at tests.TC10_HeadlessChrome.HeadlessChrome(TC10_HeadlessChrome.java:13)
at tests.TC10_HeadlessChrome.HeadlessChrome(TC10_HeadlessChrome.java:13)
at tests.TC10_HeadlessChrome.HeadlessChrome(TC10_HeadlessChrome.java:13)
at tests.TC10_HeadlessChrome.HeadlessChrome(TC10_HeadlessChrome.java:13)
at tests.TC10_HeadlessChrome.HeadlessChrome(TC10_HeadlessChrome.java:13)
at tests.TC10_HeadlessChrome.HeadlessChrome(TC10_HeadlessChrome.java:13)
at tests.TC10_HeadlessChrome.HeadlessChrome(TC10_HeadlessChrome.java:13)
at tests.TC10_HeadlessChrome.HeadlessChrome(TC10_HeadlessChrome.java:13)
at tests.TC10_HeadlessChrome.HeadlessChrome(TC10_HeadlessChrome.java:13)
at tests.TC10_HeadlessChrome.HeadlessChrome(TC10_HeadlessChrome.java:13)
at tests.TC10_HeadlessChrome.HeadlessChrome(TC10_HeadlessChrome.java:13)
at tests.TC10_HeadlessChrome.HeadlessChrome(TC10_HeadlessChrome.java:13)
at tests.TC10_HeadlessChrome.HeadlessChrome(TC10_HeadlessChrome.java:13)
at tests.TC10_HeadlessChrome.HeadlessChrome(TC10_HeadlessChrome.java:13)
at tests.TC10_HeadlessChrome.HeadlessChrome(TC10_HeadlessChrome.java:13)
at tests.TC10_HeadlessChrome.HeadlessChrome(TC10_HeadlessChrome.java:13)
at tests.TC10_HeadlessChrome.HeadlessChrome(TC10_HeadlessChrome.java:13)
at tests.TC10_HeadlessChrome.HeadlessChrome(TC10_HeadlessChrome.java:13)
at tests.TC10_HeadlessChrome.HeadlessChrome(TC10_HeadlessChrome.java:13)
at tests.TC10_HeadlessChrome.HeadlessChrome(TC10_HeadlessChrome.java:13)
at tests.TC10_HeadlessChrome.HeadlessChrome(TC10_HeadlessChrome.java:13)
at tests.TC10_HeadlessChrome.HeadlessChrome(TC10_HeadlessChrome.java:13)
at tests.TC10_HeadlessChrome.HeadlessChrome(TC10_HeadlessChrome.java:13)
at tests.TC10_HeadlessChrome.HeadlessChrome(TC10_HeadlessChrome.java:13)
at tests.TC10_HeadlessChrome.HeadlessChrome(TC10_HeadlessChrome.java:13)
at tests.TC10_HeadlessChrome.HeadlessChrome(TC10_HeadlessChrome.java:13)
at tests.TC10_HeadlessChrome.HeadlessChrome(TC10_HeadlessChrome.java:13)
at tests.TC10_HeadlessChrome.HeadlessChrome(TC10_HeadlessChrome.java:13)
at tests.TC10_HeadlessChrome.HeadlessChrome(TC10_HeadlessChrome.java:13)
at tests.TC10_HeadlessChrome.HeadlessChrome(TC10_HeadlessChrome.java:13)
at tests.TC10_HeadlessChrome.HeadlessChrome(TC10_HeadlessChrome.java:13)
at tests.TC10_HeadlessChrome.HeadlessChrome(TC10_HeadlessChrome.java:13)
at tests.TC10_HeadlessChrome.HeadlessChrome(TC10_HeadlessChrome.java:13)
at tests.TC10_HeadlessChrome.HeadlessChrome(TC10_HeadlessChrome.java:13)
at tests.TC10_HeadlessChrome.HeadlessChrome(TC10_HeadlessChrome.java:13)
at tests.TC10_HeadlessChrome.HeadlessChrome(TC10_HeadlessChrome.java:13)
at tests.TC10_HeadlessChrome.HeadlessChrome(TC10_HeadlessChrome.java:13)
at tests.TC10_HeadlessChrome.HeadlessChrome(TC10_HeadlessChrome.java:13)
at tests.TC10_HeadlessChrome.HeadlessChrome(TC10_HeadlessChrome.java:13)
at tests.TC10_HeadlessChrome.HeadlessChrome(TC10_HeadlessChrome.java:13)
at tests.TC10_HeadlessChrome.HeadlessChrome(TC10_HeadlessChrome.java:13)
at tests.TC10_HeadlessChrome.HeadlessChrome(TC10_HeadlessChrome.java:13)
at tests.TC10_HeadlessChrome.HeadlessChrome(TC10_HeadlessChrome.java:13)
at tests.TC10_HeadlessChrome.HeadlessChrome(TC10_HeadlessChrome.java:13)
at tests.TC10_HeadlessChrome.HeadlessChrome(TC10_HeadlessChrome.java:13)
at tests.TC10_HeadlessChrome.HeadlessChrome(TC10_HeadlessChrome.java:13)
at tests.TC10_HeadlessChrome.HeadlessChrome(TC10_HeadlessChrome.java:13)
at tests.TC10_HeadlessChrome.HeadlessChrome(TC10_HeadlessChrome.java:13)
at tests.TC10_HeadlessChrome.HeadlessChrome(TC10_HeadlessChrome.java:13)
at tests.TC10_HeadlessChrome.HeadlessChrome(TC10_HeadlessChrome.java:13)
at tests.TC10_HeadlessChrome.HeadlessChrome(TC10_HeadlessChrome.java:13)
at tests.TC10_HeadlessChrome.HeadlessChrome(TC10_HeadlessChrome.java:13)
at tests.TC10_HeadlessChrome.HeadlessChrome(TC10_HeadlessChrome.java:13)
at tests.TC10_HeadlessChrome.HeadlessChrome(TC10_HeadlessChrome.java:13)
at tests.TC10_HeadlessChrome.HeadlessChrome(TC10_HeadlessChrome.java:13)
at tests.TC10_HeadlessChrome.HeadlessChrome(TC10_HeadlessChrome.java:13)
at tests.TC10_HeadlessChrome.HeadlessChrome(TC10_HeadlessChrome.java:13)
at tests.TC10_HeadlessChrome.HeadlessChrome(TC10_HeadlessChrome.java:13)
at tests.TC10_HeadlessChrome.HeadlessChrome(TC10_HeadlessChrome.java:13)
at tests.TC10_HeadlessChrome.HeadlessChrome(TC10_HeadlessChrome.java:13)
at tests.TC10_HeadlessChrome.HeadlessChrome(TC10_HeadlessChrome.java:13)
at tests.TC10_HeadlessChrome.HeadlessChrome(TC10_HeadlessChrome.java:13)
at tests.TC10_HeadlessChrome.HeadlessChrome(TC10_HeadlessChrome.java:13)
at tests.TC10_HeadlessChrome.HeadlessChrome(TC10_HeadlessChrome.java:13)
at tests.TC10_HeadlessChrome.HeadlessChrome(TC10_HeadlessChrome.java:13)
at tests.TC10_HeadlessChrome.HeadlessChrome(TC10_HeadlessChrome.java:13)
at tests.TC10_HeadlessChrome.HeadlessChrome(TC10_HeadlessChrome.java:13)
at tests.TC10_HeadlessChrome.HeadlessChrome(TC10_HeadlessChrome.java:13)
at tests.TC10_HeadlessChrome.HeadlessChrome(TC10_HeadlessChrome.java:13)
at tests.TC10_HeadlessChrome.HeadlessChrome(TC10_HeadlessChrome.java:13)
at tests.TC10_HeadlessChrome.HeadlessChrome(TC10_HeadlessChrome.java:13)
at tests.TC10_HeadlessChrome.HeadlessChrome(TC10_HeadlessChrome.java:13)
at tests.TC10_HeadlessChrome.HeadlessChrome(TC10_HeadlessChrome.java:13)
at tests.TC10_HeadlessChrome.HeadlessChrome(TC10_HeadlessChrome.java:13)
at tests.TC10_HeadlessChrome.HeadlessChrome(TC10_HeadlessChrome.java:13)
at tests.TC10_HeadlessChrome.HeadlessChrome(TC10_HeadlessChrome.java:13)
at tests.TC10_HeadlessChrome.HeadlessChrome(TC10_HeadlessChrome.java:13)
at tests.TC10_HeadlessChrome.HeadlessChrome(TC10_HeadlessChrome.java:13)
at tests.TC10_HeadlessChrome.HeadlessChrome(TC10_HeadlessChrome.java:13)
at tests.TC10_HeadlessChrome.HeadlessChrome(TC10_HeadlessChrome.java:13)
at tests.TC10_HeadlessChrome.HeadlessChrome(TC10_HeadlessChrome.java:13)
at tests.TC10_HeadlessChrome.HeadlessChrome(TC10_HeadlessChrome.java:13)
at tests.TC10_HeadlessChrome.HeadlessChrome(TC10_HeadlessChrome.java:13)
at tests.TC10_HeadlessChrome.HeadlessChrome(TC10_HeadlessChrome.java:13)
at tests.TC10_HeadlessChrome.HeadlessChrome(TC10_HeadlessChrome.java:13)
at tests.TC10_HeadlessChrome.HeadlessChrome(TC10_HeadlessChrome.java:13)
at tests.TC10_HeadlessChrome.HeadlessChrome(TC10_HeadlessChrome.java:13)
at tests.TC10_HeadlessChrome.HeadlessChrome(TC10_HeadlessChrome.java:13)
at tests.TC10_HeadlessChrome.HeadlessChrome(TC10_HeadlessChrome.java:13)
at tests.TC10_HeadlessChrome.HeadlessChrome(TC10_HeadlessChrome.java:13)
at tests.TC10_HeadlessChrome.HeadlessChrome(TC10_HeadlessChrome.java:13)
at tests.TC10_HeadlessChrome.HeadlessChrome(TC10_HeadlessChrome.java:13)
at tests.TC10_HeadlessChrome.HeadlessChrome(TC10_HeadlessChrome.java:13)
at tests.TC10_HeadlessChrome.HeadlessChrome(TC10_HeadlessChrome.java:13)
at tests.TC10_HeadlessChrome.HeadlessChrome(TC10_HeadlessChrome.java:13)
at tests.TC10_HeadlessChrome.HeadlessChrome(TC10_HeadlessChrome.java:13)
at tests.TC10_HeadlessChrome.HeadlessChrome(TC10_HeadlessChrome.java:13)
at tests.TC10_HeadlessChrome.HeadlessChrome(TC10_HeadlessChrome.java:13)
at tests.TC10_HeadlessChrome.HeadlessChrome(TC10_HeadlessChrome.java:13)
at tests.TC10_HeadlessChrome.HeadlessChrome(TC10_HeadlessChrome.java:13)
at tests.TC10_HeadlessChrome.HeadlessChrome(TC10_HeadlessChrome.java:13)
at tests.TC10_HeadlessChrome.HeadlessChrome(TC10_HeadlessChrome.java:13)
at tests.TC10_HeadlessChrome.HeadlessChrome(TC10_HeadlessChrome.java:13)
at tests.TC10_HeadlessChrome.HeadlessChrome(TC10_HeadlessChrome.java:13)
at tests.TC10_HeadlessChrome.HeadlessChrome(TC10_HeadlessChrome.java:13)
at tests.TC10_HeadlessChrome.HeadlessChrome(TC10_HeadlessChrome.java:13)
at tests.TC10_HeadlessChrome.HeadlessChrome(TC10_HeadlessChrome.java:13)
at tests.TC10_HeadlessChrome.HeadlessChrome(TC10_HeadlessChrome.java:13)
at tests.TC10_HeadlessChrome.HeadlessChrome(TC10_HeadlessChrome.java:13)
at tests.TC10_HeadlessChrome.HeadlessChrome(TC10_HeadlessChrome.java:13)
at tests.TC10_HeadlessChrome.HeadlessChrome(TC10_HeadlessChrome.java:13)
at tests.TC10_HeadlessChrome.HeadlessChrome(TC10_HeadlessChrome.java:13)
at tests.TC10_HeadlessChrome.HeadlessChrome(TC10_HeadlessChrome.java:13)
at tests.TC10_HeadlessChrome.HeadlessChrome(TC10_HeadlessChrome.java:13)
at tests.TC10_HeadlessChrome.HeadlessChrome(TC10_HeadlessChrome.java:13)
at tests.TC10_HeadlessChrome.HeadlessChrome(TC10_HeadlessChrome.java:13)
at tests.TC10_HeadlessChrome.HeadlessChrome(TC10_HeadlessChrome.java:13)
at tests.TC10_HeadlessChrome.HeadlessChrome(TC10_HeadlessChrome.java:13)
at tests.TC10_HeadlessChrome.HeadlessChrome(TC10_HeadlessChrome.java:13)
at tests.TC10_HeadlessChrome.HeadlessChrome(TC10_HeadlessChrome.java:13)
at tests.TC10_HeadlessChrome.HeadlessChrome(TC10_HeadlessChrome.java:13)
at tests.TC10_HeadlessChrome.HeadlessChrome(TC10_HeadlessChrome.java:13)
at tests.TC10_HeadlessChrome.HeadlessChrome(TC10_HeadlessChrome.java:13)
at tests.TC10_HeadlessChrome.HeadlessChrome(TC10_HeadlessChrome.java:13)
at tests.TC10_HeadlessChrome.HeadlessChrome(TC10_HeadlessChrome.java:13)
at tests.TC10_HeadlessChrome.HeadlessChrome(TC10_HeadlessChrome.java:13)
at tests.TC10_HeadlessChrome.HeadlessChrome(TC10_HeadlessChrome.java:13)
at tests.TC10_HeadlessChrome.HeadlessChrome(TC10_HeadlessChrome.java:13)
at tests.TC10_HeadlessChrome.HeadlessChrome(TC10_HeadlessChrome.java:13)
at tests.TC10_HeadlessChrome.HeadlessChrome(TC10_HeadlessChrome.java:13)
at tests.TC10_HeadlessChrome.HeadlessChrome(TC10_HeadlessChrome.java:13)
at tests.TC10_HeadlessChrome.HeadlessChrome(TC10_HeadlessChrome.java:13)
at tests.TC10_HeadlessChrome.HeadlessChrome(TC10_HeadlessChrome.java:13)
at tests.TC10_HeadlessChrome.HeadlessChrome(TC10_HeadlessChrome.java:13)
at tests.TC10_HeadlessChrome.HeadlessChrome(TC10_HeadlessChrome.java:13)
at tests.TC10_HeadlessChrome.HeadlessChrome(TC10_HeadlessChrome.java:13)
at tests.TC10_HeadlessChrome.HeadlessChrome(TC10_HeadlessChrome.java:13)
at tests.TC10_HeadlessChrome.HeadlessChrome(TC10_HeadlessChrome.java:13)
at tests.TC10_HeadlessChrome.HeadlessChrome(TC10_HeadlessChrome.java:13)
at tests.TC10_HeadlessChrome.HeadlessChrome(TC10_HeadlessChrome.java:13)
at tests.TC10_HeadlessChrome.HeadlessChrome(TC10_HeadlessChrome.java:13)
at tests.TC10_HeadlessChrome.HeadlessChrome(TC10_HeadlessChrome.java:13)
at tests.TC10_HeadlessChrome.HeadlessChrome(TC10_HeadlessChrome.java:13)
at tests.TC10_HeadlessChrome.HeadlessChrome(TC10_HeadlessChrome.java:13)
at tests.TC10_HeadlessChrome.HeadlessChrome(TC10_HeadlessChrome.java:13)
at tests.TC10_HeadlessChrome.HeadlessChrome(TC10_HeadlessChrome.java:13)
at tests.TC10_HeadlessChrome.HeadlessChrome(TC10_HeadlessChrome.java:13)
at tests.TC10_HeadlessChrome.HeadlessChrome(TC10_HeadlessChrome.java:13)
at tests.TC10_HeadlessChrome.HeadlessChrome(TC10_HeadlessChrome.java:13)
at tests.TC10_HeadlessChrome.HeadlessChrome(TC10_HeadlessChrome.java:13)
at tests.TC10_HeadlessChrome.HeadlessChrome(TC10_HeadlessChrome.java:13)
at tests.TC10_HeadlessChrome.HeadlessChrome(TC10_HeadlessChrome.java:13)
at tests.TC10_HeadlessChrome.HeadlessChrome(TC10_HeadlessChrome.java:13)
at tests.TC10_HeadlessChrome.HeadlessChrome(TC10_HeadlessChrome.java:13)
at tests.TC10_HeadlessChrome.HeadlessChrome(TC10_HeadlessChrome.java:13)
at tests.TC10_HeadlessChrome.HeadlessChrome(TC10_HeadlessChrome.java:13)
at tests.TC10_HeadlessChrome.HeadlessChrome(TC10_HeadlessChrome.java:13)
at tests.TC10_HeadlessChrome.HeadlessChrome(TC10_HeadlessChrome.java:13)
at tests.TC10_HeadlessChrome.HeadlessChrome(TC10_HeadlessChrome.java:13)
at tests.TC10_HeadlessChrome.HeadlessChrome(TC10_HeadlessChrome.java:13)
at tests.TC10_HeadlessChrome.HeadlessChrome(TC10_HeadlessChrome.java:13)
at tests.TC10_HeadlessChrome.HeadlessChrome(TC10_HeadlessChrome.java:13)
at tests.TC10_HeadlessChrome.HeadlessChrome(TC10_HeadlessChrome.java:13)
at tests.TC10_HeadlessChrome.HeadlessChrome(TC10_HeadlessChrome.java:13)
at tests.TC10_HeadlessChrome.HeadlessChrome(TC10_HeadlessChrome.java:13)
at tests.TC10_HeadlessChrome.HeadlessChrome(TC10_HeadlessChrome.java:13)
at tests.TC10_HeadlessChrome.HeadlessChrome(TC10_HeadlessChrome.java:13)
at tests.TC10_HeadlessChrome.HeadlessChrome(TC10_HeadlessChrome.java:13)
at tests.TC10_HeadlessChrome.HeadlessChrome(TC10_HeadlessChrome.java:13)
at tests.TC10_HeadlessChrome.HeadlessChrome(TC10_HeadlessChrome.java:13)
at tests.TC10_HeadlessChrome.HeadlessChrome(TC10_HeadlessChrome.java:13)
at tests.TC10_HeadlessChrome.HeadlessChrome(TC10_HeadlessChrome.java:13)
at tests.TC10_HeadlessChrome.HeadlessChrome(TC10_HeadlessChrome.java:13)
at tests.TC10_HeadlessChrome.HeadlessChrome(TC10_HeadlessChrome.java:13)
at tests.TC10_HeadlessChrome.HeadlessChrome(TC10_HeadlessChrome.java:13)
at tests.TC10_HeadlessChrome.HeadlessChrome(TC10_HeadlessChrome.java:13)
at tests.TC10_HeadlessChrome.HeadlessChrome(TC10_HeadlessChrome.java:13)
at tests.TC10_HeadlessChrome.HeadlessChrome(TC10_HeadlessChrome.java:13)
at tests.TC10_HeadlessChrome.HeadlessChrome(TC10_HeadlessChrome.java:13)
at tests.TC10_HeadlessChrome.HeadlessChrome(TC10_HeadlessChrome.java:13)
at tests.TC10_HeadlessChrome.HeadlessChrome(TC10_HeadlessChrome.java:13)
at tests.TC10_HeadlessChrome.HeadlessChrome(TC10_HeadlessChrome.java:13)
at tests.TC10_HeadlessChrome.HeadlessChrome(TC10_HeadlessChrome.java:13)
at tests.TC10_HeadlessChrome.HeadlessChrome(TC10_HeadlessChrome.java:13)
at tests.TC10_HeadlessChrome.HeadlessChrome(TC10_HeadlessChrome.java:13)
at tests.TC10_HeadlessChrome.HeadlessChrome(TC10_HeadlessChrome.java:13)
at tests.TC10_HeadlessChrome.HeadlessChrome(TC10_HeadlessChrome.java:13)
at tests.TC10_HeadlessChrome.HeadlessChrome(TC10_HeadlessChrome.java:13)
at tests.TC10_HeadlessChrome.HeadlessChrome(TC10_HeadlessChrome.java:13)
at tests.TC10_HeadlessChrome.HeadlessChrome(TC10_HeadlessChrome.java:13)
at tests.TC10_HeadlessChrome.HeadlessChrome(TC10_HeadlessChrome.java:13)
at tests.TC10_HeadlessChrome.HeadlessChrome(TC10_HeadlessChrome.java:13)
at tests.TC10_HeadlessChrome.HeadlessChrome(TC10_HeadlessChrome.java:13)
at tests.TC10_HeadlessChrome.HeadlessChrome(TC10_HeadlessChrome.java:13)
at tests.TC10_HeadlessChrome.HeadlessChrome(TC10_HeadlessChrome.java:13)
at tests.TC10_HeadlessChrome.HeadlessChrome(TC10_HeadlessChrome.java:13)
at tests.TC10_HeadlessChrome.HeadlessChrome(TC10_HeadlessChrome.java:13)
at tests.TC10_HeadlessChrome.HeadlessChrome(TC10_HeadlessChrome.java:13)
at tests.TC10_HeadlessChrome.HeadlessChrome(TC10_HeadlessChrome.java:13)
at tests.TC10_HeadlessChrome.HeadlessChrome(TC10_HeadlessChrome.java:13)
at tests.TC10_HeadlessChrome.HeadlessChrome(TC10_HeadlessChrome.java:13)
at tests.TC10_HeadlessChrome.HeadlessChrome(TC10_HeadlessChrome.java:13)
at tests.TC10_HeadlessChrome.HeadlessChrome(TC10_HeadlessChrome.java:13)
at tests.TC10_HeadlessChrome.HeadlessChrome(TC10_HeadlessChrome.java:13)
at tests.TC10_HeadlessChrome.HeadlessChrome(TC10_HeadlessChrome.java:13)
at tests.TC10_HeadlessChrome.HeadlessChrome(TC10_HeadlessChrome.java:13)
at tests.TC10_HeadlessChrome.HeadlessChrome(TC10_HeadlessChrome.java:13)
at tests.TC10_HeadlessChrome.HeadlessChrome(TC10_HeadlessChrome.java:13)
at tests.TC10_HeadlessChrome.HeadlessChrome(TC10_HeadlessChrome.java:13)
at tests.TC10_HeadlessChrome.HeadlessChrome(TC10_HeadlessChrome.java:13)
at tests.TC10_HeadlessChrome.HeadlessChrome(TC10_HeadlessChrome.java:13)
at tests.TC10_HeadlessChrome.HeadlessChrome(TC10_HeadlessChrome.java:13)
at tests.TC10_HeadlessChrome.HeadlessChrome(TC10_HeadlessChrome.java:13)
at tests.TC10_HeadlessChrome.HeadlessChrome(TC10_HeadlessChrome.java:13)
at tests.TC10_HeadlessChrome.HeadlessChrome(TC10_HeadlessChrome.java:13)
at tests.TC10_HeadlessChrome.HeadlessChrome(TC10_HeadlessChrome.java:13)
at tests.TC10_HeadlessChrome.HeadlessChrome(TC10_HeadlessChrome.java:13)
at tests.TC10_HeadlessChrome.HeadlessChrome(TC10_HeadlessChrome.java:13)
at tests.TC10_HeadlessChrome.HeadlessChrome(TC10_HeadlessChrome.java:13)
at tests.TC10_HeadlessChrome.HeadlessChrome(TC10_HeadlessChrome.java:13)
at tests.TC10_HeadlessChrome.HeadlessChrome(TC10_HeadlessChrome.java:13)
at tests.TC10_HeadlessChrome.HeadlessChrome(TC10_HeadlessChrome.java:13)
at tests.TC10_HeadlessChrome.HeadlessChrome(TC10_HeadlessChrome.java:13)
at tests.TC10_HeadlessChrome.HeadlessChrome(TC10_HeadlessChrome.java:13)
at tests.TC10_HeadlessChrome.HeadlessChrome(TC10_HeadlessChrome.java:13)
at tests.TC10_HeadlessChrome.HeadlessChrome(TC10_HeadlessChrome.java:13)
at tests.TC10_HeadlessChrome.HeadlessChrome(TC10_HeadlessChrome.java:13)
at tests.TC10_HeadlessChrome.HeadlessChrome(TC10_HeadlessChrome.java:13)
at tests.TC10_HeadlessChrome.HeadlessChrome(TC10_HeadlessChrome.java:13)
at tests.TC10_HeadlessChrome.HeadlessChrome(TC10_HeadlessChrome.java:13)
at tests.TC10_HeadlessChrome.HeadlessChrome(TC10_HeadlessChrome.java:13)
at tests.TC10_HeadlessChrome.HeadlessChrome(TC10_HeadlessChrome.java:13)
at tests.TC10_HeadlessChrome.HeadlessChrome(TC10_HeadlessChrome.java:13)
at tests.TC10_HeadlessChrome.HeadlessChrome(TC10_HeadlessChrome.java:13)
at tests.TC10_HeadlessChrome.HeadlessChrome(TC10_HeadlessChrome.java:13)
at tests.TC10_HeadlessChrome.HeadlessChrome(TC10_HeadlessChrome.java:13)
at tests.TC10_HeadlessChrome.HeadlessChrome(TC10_HeadlessChrome.java:13)
at tests.TC10_HeadlessChrome.HeadlessChrome(TC10_HeadlessChrome.java:13)
at tests.TC10_HeadlessChrome.HeadlessChrome(TC10_HeadlessChrome.java:13)
at tests.TC10_HeadlessChrome.HeadlessChrome(TC10_HeadlessChrome.java:13)
at tests.TC10_HeadlessChrome.HeadlessChrome(TC10_HeadlessChrome.java:13)
at tests.TC10_HeadlessChrome.HeadlessChrome(TC10_HeadlessChrome.java:13)
at tests.TC10_HeadlessChrome.HeadlessChrome(TC10_HeadlessChrome.java:13)
at tests.TC10_HeadlessChrome.HeadlessChrome(TC10_HeadlessChrome.java:13)
at tests.TC10_HeadlessChrome.HeadlessChrome(TC10_HeadlessChrome.java:13)
at tests.TC10_HeadlessChrome.HeadlessChrome(TC10_HeadlessChrome.java:13)
at tests.TC10_HeadlessChrome.HeadlessChrome(TC10_HeadlessChrome.java:13)
at tests.TC10_HeadlessChrome.HeadlessChrome(TC10_HeadlessChrome.java:13)
at tests.TC10_HeadlessChrome.HeadlessChrome(TC10_HeadlessChrome.java:13)
at tests.TC10_HeadlessChrome.HeadlessChrome(TC10_HeadlessChrome.java:13)
at tests.TC10_HeadlessChrome.HeadlessChrome(TC10_HeadlessChrome.java:13)
at tests.TC10_HeadlessChrome.HeadlessChrome(TC10_HeadlessChrome.java:13)
at tests.TC10_HeadlessChrome.HeadlessChrome(TC10_HeadlessChrome.java:13)
at tests.TC10_HeadlessChrome.HeadlessChrome(TC10_HeadlessChrome.java:13)
at tests.TC10_HeadlessChrome.HeadlessChrome(TC10_HeadlessChrome.java:13)
at tests.TC10_HeadlessChrome.HeadlessChrome(TC10_HeadlessChrome.java:13)
at tests.TC10_HeadlessChrome.HeadlessChrome(TC10_HeadlessChrome.java:13)
at tests.TC10_HeadlessChrome.HeadlessChrome(TC10_HeadlessChrome.java:13)
at tests.TC10_HeadlessChrome.HeadlessChrome(TC10_HeadlessChrome.java:13)
at tests.TC10_HeadlessChrome.HeadlessChrome(TC10_HeadlessChrome.java:13)
at tests.TC10_HeadlessChrome.HeadlessChrome(TC10_HeadlessChrome.java:13)
at tests.TC10_HeadlessChrome.HeadlessChrome(TC10_HeadlessChrome.java:13)
at tests.TC10_HeadlessChrome.HeadlessChrome(TC10_HeadlessChrome.java:13)
at tests.TC10_HeadlessChrome.HeadlessChrome(TC10_HeadlessChrome.java:13)
at tests.TC10_HeadlessChrome.HeadlessChrome(TC10_HeadlessChrome.java:13)
at tests.TC10_HeadlessChrome.HeadlessChrome(TC10_HeadlessChrome.java:13)
at tests.TC10_HeadlessChrome.HeadlessChrome(TC10_HeadlessChrome.java:13)
at tests.TC10_HeadlessChrome.HeadlessChrome(TC10_HeadlessChrome.java:13)
at tests.TC10_HeadlessChrome.HeadlessChrome(TC10_HeadlessChrome.java:13)
at tests.TC10_HeadlessChrome.HeadlessChrome(TC10_HeadlessChrome.java:13)
at tests.TC10_HeadlessChrome.HeadlessChrome(TC10_HeadlessChrome.java:13)
at tests.TC10_HeadlessChrome.HeadlessChrome(TC10_HeadlessChrome.java:13)
at tests.TC10_HeadlessChrome.HeadlessChrome(TC10_HeadlessChrome.java:13)
at tests.TC10_HeadlessChrome.HeadlessChrome(TC10_HeadlessChrome.java:13)
at tests.TC10_HeadlessChrome.HeadlessChrome(TC10_HeadlessChrome.java:13)
at tests.TC10_HeadlessChrome.HeadlessChrome(TC10_HeadlessChrome.java:13)
at tests.TC10_HeadlessChrome.HeadlessChrome(TC10_HeadlessChrome.java:13)
at tests.TC10_HeadlessChrome.HeadlessChrome(TC10_HeadlessChrome.java:13)
at tests.TC10_HeadlessChrome.HeadlessChrome(TC10_HeadlessChrome.java:13)
at tests.TC10_HeadlessChrome.HeadlessChrome(TC10_HeadlessChrome.java:13)
at tests.TC10_HeadlessChrome.HeadlessChrome(TC10_HeadlessChrome.java:13)
at tests.TC10_HeadlessChrome.HeadlessChrome(TC10_HeadlessChrome.java:13)
at tests.TC10_HeadlessChrome.HeadlessChrome(TC10_HeadlessChrome.java:13)
at tests.TC10_HeadlessChrome.HeadlessChrome(TC10_HeadlessChrome.java:13)
at tests.TC10_HeadlessChrome.HeadlessChrome(TC10_HeadlessChrome.java:13)
at tests.TC10_HeadlessChrome.HeadlessChrome(TC10_HeadlessChrome.java:13)
at tests.TC10_HeadlessChrome.HeadlessChrome(TC10_HeadlessChrome.java:13)
at tests.TC10_HeadlessChrome.HeadlessChrome(TC10_HeadlessChrome.java:13)
at tests.TC10_HeadlessChrome.HeadlessChrome(TC10_HeadlessChrome.java:13)
at tests.TC10_HeadlessChrome.HeadlessChrome(TC10_HeadlessChrome.java:13)
at tests.TC10_HeadlessChrome.HeadlessChrome(TC10_HeadlessChrome.java:13)
at tests.TC10_HeadlessChrome.HeadlessChrome(TC10_HeadlessChrome.java:13)
at tests.TC10_HeadlessChrome.HeadlessChrome(TC10_HeadlessChrome.java:13)
at tests.TC10_HeadlessChrome.HeadlessChrome(TC10_HeadlessChrome.java:13)
at tests.TC10_HeadlessChrome.HeadlessChrome(TC10_HeadlessChrome.java:13)
at tests.TC10_HeadlessChrome.HeadlessChrome(TC10_HeadlessChrome.java:13)
at tests.TC10_HeadlessChrome.HeadlessChrome(TC10_HeadlessChrome.java:13)
at tests.TC10_HeadlessChrome.HeadlessChrome(TC10_HeadlessChrome.java:13)
at tests.TC10_HeadlessChrome.HeadlessChrome(TC10_HeadlessChrome.java:13)
at tests.TC10_HeadlessChrome.HeadlessChrome(TC10_HeadlessChrome.java:13)
at tests.TC10_HeadlessChrome.HeadlessChrome(TC10_HeadlessChrome.java:13)
at tests.TC10_HeadlessChrome.HeadlessChrome(TC10_HeadlessChrome.java:13)
at tests.TC10_HeadlessChrome.HeadlessChrome(TC10_HeadlessChrome.java:13)
at tests.TC10_HeadlessChrome.HeadlessChrome(TC10_HeadlessChrome.java:13)
at tests.TC10_HeadlessChrome.HeadlessChrome(TC10_HeadlessChrome.java:13)
at tests.TC10_HeadlessChrome.HeadlessChrome(TC10_HeadlessChrome.java:13)
at tests.TC10_HeadlessChrome.HeadlessChrome(TC10_HeadlessChrome.java:13)
at tests.TC10_HeadlessChrome.HeadlessChrome(TC10_HeadlessChrome.java:13)
at tests.TC10_HeadlessChrome.HeadlessChrome(TC10_HeadlessChrome.java:13)
at tests.TC10_HeadlessChrome.HeadlessChrome(TC10_HeadlessChrome.java:13)
at tests.TC10_HeadlessChrome.HeadlessChrome(TC10_HeadlessChrome.java:13)
at tests.TC10_HeadlessChrome.HeadlessChrome(TC10_HeadlessChrome.java:13)
at tests.TC10_HeadlessChrome.HeadlessChrome(TC10_HeadlessChrome.java:13)
at tests.TC10_HeadlessChrome.HeadlessChrome(TC10_HeadlessChrome.java:13)
at tests.TC10_HeadlessChrome.HeadlessChrome(TC10_HeadlessChrome.java:13)
at tests.TC10_HeadlessChrome.HeadlessChrome(TC10_HeadlessChrome.java:13)
at tests.TC10_HeadlessChrome.HeadlessChrome(TC10_HeadlessChrome.java:13)
at tests.TC10_HeadlessChrome.HeadlessChrome(TC10_HeadlessChrome.java:13)
at tests.TC10_HeadlessChrome.HeadlessChrome(TC10_HeadlessChrome.java:13)
at tests.TC10_HeadlessChrome.HeadlessChrome(TC10_HeadlessChrome.java:13)
at tests.TC10_HeadlessChrome.HeadlessChrome(TC10_HeadlessChrome.java:13)
at tests.TC10_HeadlessChrome.HeadlessChrome(TC10_HeadlessChrome.java:13)
at tests.TC10_HeadlessChrome.HeadlessChrome(TC10_HeadlessChrome.java:13)
at tests.TC10_HeadlessChrome.HeadlessChrome(TC10_HeadlessChrome.java:13)
at tests.TC10_HeadlessChrome.HeadlessChrome(TC10_HeadlessChrome.java:13)
at tests.TC10_HeadlessChrome.HeadlessChrome(TC10_HeadlessChrome.java:13)
at tests.TC10_HeadlessChrome.HeadlessChrome(TC10_HeadlessChrome.java:13)
at tests.TC10_HeadlessChrome.HeadlessChrome(TC10_HeadlessChrome.java:13)
at tests.TC10_HeadlessChrome.HeadlessChrome(TC10_HeadlessChrome.java:13)
at tests.TC10_HeadlessChrome.HeadlessChrome(TC10_HeadlessChrome.java:13)
at tests.TC10_HeadlessChrome.HeadlessChrome(TC10_HeadlessChrome.java:13)
at tests.TC10_HeadlessChrome.HeadlessChrome(TC10_HeadlessChrome.java:13)
at tests.TC10_HeadlessChrome.HeadlessChrome(TC10_HeadlessChrome.java:13)
at tests.TC10_HeadlessChrome.HeadlessChrome(TC10_HeadlessChrome.java:13)
at tests.TC10_HeadlessChrome.HeadlessChrome(TC10_HeadlessChrome.java:13)
at tests.TC10_HeadlessChrome.HeadlessChrome(TC10_HeadlessChrome.java:13)
at tests.TC10_HeadlessChrome.HeadlessChrome(TC10_HeadlessChrome.java:13)
at tests.TC10_HeadlessChrome.HeadlessChrome(TC10_HeadlessChrome.java:13)
at tests.TC10_HeadlessChrome.HeadlessChrome(TC10_HeadlessChrome.java:13)
at tests.TC10_HeadlessChrome.HeadlessChrome(TC10_HeadlessChrome.java:13)
at tests.TC10_HeadlessChrome.HeadlessChrome(TC10_HeadlessChrome.java:13)
at tests.TC10_HeadlessChrome.HeadlessChrome(TC10_HeadlessChrome.java:13)
at tests.TC10_HeadlessChrome.HeadlessChrome(TC10_HeadlessChrome.java:13)
at tests.TC10_HeadlessChrome.HeadlessChrome(TC10_HeadlessChrome.java:13)
at tests.TC10_HeadlessChrome.HeadlessChrome(TC10_HeadlessChrome.java:13)
at tests.TC10_HeadlessChrome.HeadlessChrome(TC10_HeadlessChrome.java:13)
at tests.TC10_HeadlessChrome.HeadlessChrome(TC10_HeadlessChrome.java:13)
at tests.TC10_HeadlessChrome.HeadlessChrome(TC10_HeadlessChrome.java:13)
at tests.TC10_HeadlessChrome.HeadlessChrome(TC10_HeadlessChrome.java:13)
at tests.TC10_HeadlessChrome.HeadlessChrome(TC10_HeadlessChrome.java:13)
at tests.TC10_HeadlessChrome.HeadlessChrome(TC10_HeadlessChrome.java:13)
at tests.TC10_HeadlessChrome.HeadlessChrome(TC10_HeadlessChrome.java:13)
at tests.TC10_HeadlessChrome.HeadlessChrome(TC10_HeadlessChrome.java:13)
at tests.TC10_HeadlessChrome.HeadlessChrome(TC10_HeadlessChrome.java:13)
at tests.TC10_HeadlessChrome.HeadlessChrome(TC10_HeadlessChrome.java:13)
at tests.TC10_HeadlessChrome.HeadlessChrome(TC10_HeadlessChrome.java:13)
at tests.TC10_HeadlessChrome.HeadlessChrome(TC10_HeadlessChrome.java:13)
at tests.TC10_HeadlessChrome.HeadlessChrome(TC10_HeadlessChrome.java:13)
at tests.TC10_HeadlessChrome.HeadlessChrome(TC10_HeadlessChrome.java:13)
at tests.TC10_HeadlessChrome.HeadlessChrome(TC10_HeadlessChrome.java:13)
at tests.TC10_HeadlessChrome.HeadlessChrome(TC10_HeadlessChrome.java:13)
at tests.TC10_HeadlessChrome.HeadlessChrome(TC10_HeadlessChrome.java:13)
at tests.TC10_HeadlessChrome.HeadlessChrome(TC10_HeadlessChrome.java:13)
at tests.TC10_HeadlessChrome.HeadlessChrome(TC10_HeadlessChrome.java:13)
at tests.TC10_HeadlessChrome.HeadlessChrome(TC10_HeadlessChrome.java:13)
at tests.TC10_HeadlessChrome.HeadlessChrome(TC10_HeadlessChrome.java:13)
at tests.TC10_HeadlessChrome.HeadlessChrome(TC10_HeadlessChrome.java:13)
at tests.TC10_HeadlessChrome.HeadlessChrome(TC10_HeadlessChrome.java:13)
at tests.TC10_HeadlessChrome.HeadlessChrome(TC10_HeadlessChrome.java:13)
at tests.TC10_HeadlessChrome.HeadlessChrome(TC10_HeadlessChrome.java:13)
at tests.TC10_HeadlessChrome.HeadlessChrome(TC10_HeadlessChrome.java:13)
at tests.TC10_HeadlessChrome.HeadlessChrome(TC10_HeadlessChrome.java:13)
at tests.TC10_HeadlessChrome.HeadlessChrome(TC10_HeadlessChrome.java:13)
at tests.TC10_HeadlessChrome.HeadlessChrome(TC10_HeadlessChrome.java:13)
at tests.TC10_HeadlessChrome.HeadlessChrome(TC10_HeadlessChrome.java:13)
at tests.TC10_HeadlessChrome.HeadlessChrome(TC10_HeadlessChrome.java:13)
at tests.TC10_HeadlessChrome.HeadlessChrome(TC10_HeadlessChrome.java:13)
at tests.TC10_HeadlessChrome.HeadlessChrome(TC10_HeadlessChrome.java:13)
at tests.TC10_HeadlessChrome.HeadlessChrome(TC10_HeadlessChrome.java:13)
at tests.TC10_HeadlessChrome.HeadlessChrome(TC10_HeadlessChrome.java:13)
at tests.TC10_HeadlessChrome.HeadlessChrome(TC10_HeadlessChrome.java:13)
at tests.TC10_HeadlessChrome.HeadlessChrome(TC10_HeadlessChrome.java:13)
at tests.TC10_HeadlessChrome.HeadlessChrome(TC10_HeadlessChrome.java:13)
at tests.TC10_HeadlessChrome.HeadlessChrome(TC10_HeadlessChrome.java:13)
at tests.TC10_HeadlessChrome.HeadlessChrome(TC10_HeadlessChrome.java:13)
at tests.TC10_HeadlessChrome.HeadlessChrome(TC10_HeadlessChrome.java:13)
at tests.TC10_HeadlessChrome.HeadlessChrome(TC10_HeadlessChrome.java:13)
at tests.TC10_HeadlessChrome.HeadlessChrome(TC10_HeadlessChrome.java:13)
at tests.TC10_HeadlessChrome.HeadlessChrome(TC10_HeadlessChrome.java:13)
at tests.TC10_HeadlessChrome.HeadlessChrome(TC10_HeadlessChrome.java:13)
at tests.TC10_HeadlessChrome.HeadlessChrome(TC10_HeadlessChrome.java:13)
at tests.TC10_HeadlessChrome.HeadlessChrome(TC10_HeadlessChrome.java:13)
at tests.TC10_HeadlessChrome.HeadlessChrome(TC10_HeadlessChrome.java:13)
at tests.TC10_HeadlessChrome.HeadlessChrome(TC10_HeadlessChrome.java:13)
at tests.TC10_HeadlessChrome.HeadlessChrome(TC10_HeadlessChrome.java:13)
at tests.TC10_HeadlessChrome.HeadlessChrome(TC10_HeadlessChrome.java:13)
at tests.TC10_HeadlessChrome.HeadlessChrome(TC10_HeadlessChrome.java:13)
at tests.TC10_HeadlessChrome.HeadlessChrome(TC10_HeadlessChrome.java:13)
at tests.TC10_HeadlessChrome.HeadlessChrome(TC10_HeadlessChrome.java:13)
at tests.TC10_HeadlessChrome.HeadlessChrome(TC10_HeadlessChrome.java:13)
at tests.TC10_HeadlessChrome.HeadlessChrome(TC10_HeadlessChrome.java:13)
at tests.TC10_HeadlessChrome.HeadlessChrome(TC10_HeadlessChrome.java:13)
at tests.TC10_HeadlessChrome.HeadlessChrome(TC10_HeadlessChrome.java:13)
at tests.TC10_HeadlessChrome.HeadlessChrome(TC10_HeadlessChrome.java:13)
at tests.TC10_HeadlessChrome.HeadlessChrome(TC10_HeadlessChrome.java:13)
at tests.TC10_HeadlessChrome.HeadlessChrome(TC10_HeadlessChrome.java:13)
at tests.TC10_HeadlessChrome.HeadlessChrome(TC10_HeadlessChrome.java:13)
at tests.TC10_HeadlessChrome.HeadlessChrome(TC10_HeadlessChrome.java:13)
at tests.TC10_HeadlessChrome.HeadlessChrome(TC10_HeadlessChrome.java:13)
at tests.TC10_HeadlessChrome.HeadlessChrome(TC10_HeadlessChrome.java:13)
at tests.TC10_HeadlessChrome.HeadlessChrome(TC10_HeadlessChrome.java:13)
at tests.TC10_HeadlessChrome.HeadlessChrome(TC10_HeadlessChrome.java:13)
at tests.TC10_HeadlessChrome.HeadlessChrome(TC10_HeadlessChrome.java:13)
at tests.TC10_HeadlessChrome.HeadlessChrome(TC10_HeadlessChrome.java:13)
at tests.TC10_HeadlessChrome.HeadlessChrome(TC10_HeadlessChrome.java:13)
at tests.TC10_HeadlessChrome.HeadlessChrome(TC10_HeadlessChrome.java:13)
at tests.TC10_HeadlessChrome.HeadlessChrome(TC10_HeadlessChrome.java:13)
at tests.TC10_HeadlessChrome.HeadlessChrome(TC10_HeadlessChrome.java:13)
at tests.TC10_HeadlessChrome.HeadlessChrome(TC10_HeadlessChrome.java:13)
at tests.TC10_HeadlessChrome.HeadlessChrome(TC10_HeadlessChrome.java:13)
at tests.TC10_HeadlessChrome.HeadlessChrome(TC10_HeadlessChrome.java:13)
at tests.TC10_HeadlessChrome.HeadlessChrome(TC10_HeadlessChrome.java:13)
at tests.TC10_HeadlessChrome.HeadlessChrome(TC10_HeadlessChrome.java:13)
at tests.TC10_HeadlessChrome.HeadlessChrome(TC10_HeadlessChrome.java:13)
at tests.TC10_HeadlessChrome.HeadlessChrome(TC10_HeadlessChrome.java:13)
at tests.TC10_HeadlessChrome.HeadlessChrome(TC10_HeadlessChrome.java:13)
at tests.TC10_HeadlessChrome.HeadlessChrome(TC10_HeadlessChrome.java:13)
at tests.TC10_HeadlessChrome.HeadlessChrome(TC10_HeadlessChrome.java:13)
at tests.TC10_HeadlessChrome.HeadlessChrome(TC10_HeadlessChrome.java:13)
at tests.TC10_HeadlessChrome.HeadlessChrome(TC10_HeadlessChrome.java:13)
at tests.TC10_HeadlessChrome.HeadlessChrome(TC10_HeadlessChrome.java:13)
at tests.TC10_HeadlessChrome.HeadlessChrome(TC10_HeadlessChrome.java:13)
at tests.TC10_HeadlessChrome.HeadlessChrome(TC10_HeadlessChrome.java:13)
at tests.TC10_HeadlessChrome.HeadlessChrome(TC10_HeadlessChrome.java:13)
at tests.TC10_HeadlessChrome.HeadlessChrome(TC10_HeadlessChrome.java:13)
at tests.TC10_HeadlessChrome.HeadlessChrome(TC10_HeadlessChrome.java:13)
at tests.TC10_HeadlessChrome.HeadlessChrome(TC10_HeadlessChrome.java:13)
at tests.TC10_HeadlessChrome.HeadlessChrome(TC10_HeadlessChrome.java:13)
at tests.TC10_HeadlessChrome.HeadlessChrome(TC10_HeadlessChrome.java:13)
at tests.TC10_HeadlessChrome.HeadlessChrome(TC10_HeadlessChrome.java:13)
at tests.TC10_HeadlessChrome.HeadlessChrome(TC10_HeadlessChrome.java:13)
at tests.TC10_HeadlessChrome.HeadlessChrome(TC10_HeadlessChrome.java:13)
at tests.TC10_HeadlessChrome.HeadlessChrome(TC10_HeadlessChrome.java:13)
at tests.TC10_HeadlessChrome.HeadlessChrome(TC10_HeadlessChrome.java:13)
at tests.TC10_HeadlessChrome.HeadlessChrome(TC10_HeadlessChrome.java:13)
at tests.TC10_HeadlessChrome.HeadlessChrome(TC10_HeadlessChrome.java:13)
at tests.TC10_HeadlessChrome.HeadlessChrome(TC10_HeadlessChrome.java:13)
at tests.TC10_HeadlessChrome.HeadlessChrome(TC10_HeadlessChrome.java:13)
at tests.TC10_HeadlessChrome.HeadlessChrome(TC10_HeadlessChrome.java:13)
at tests.TC10_HeadlessChrome.HeadlessChrome(TC10_HeadlessChrome.java:13)
at tests.TC10_HeadlessChrome.HeadlessChrome(TC10_HeadlessChrome.java:13)
at tests.TC10_HeadlessChrome.HeadlessChrome(TC10_HeadlessChrome.java:13)
at tests.TC10_HeadlessChrome.HeadlessChrome(TC10_HeadlessChrome.java:13)
at tests.TC10_HeadlessChrome.HeadlessChrome(TC10_HeadlessChrome.java:13)
at tests.TC10_HeadlessChrome.HeadlessChrome(TC10_HeadlessChrome.java:13)
at tests.TC10_HeadlessChrome.HeadlessChrome(TC10_HeadlessChrome.java:13)
at tests.TC10_HeadlessChrome.HeadlessChrome(TC10_HeadlessChrome.java:13)
at tests.TC10_HeadlessChrome.HeadlessChrome(TC10_HeadlessChrome.java:13)
at tests.TC10_HeadlessChrome.HeadlessChrome(TC10_HeadlessChrome.java:13)
at tests.TC10_HeadlessChrome.HeadlessChrome(TC10_HeadlessChrome.java:13)
at tests.TC10_HeadlessChrome.HeadlessChrome(TC10_HeadlessChrome.java:13)
at tests.TC10_HeadlessChrome.HeadlessChrome(TC10_HeadlessChrome.java:13)
at tests.TC10_HeadlessChrome.HeadlessChrome(TC10_HeadlessChrome.java:13)
at tests.TC10_HeadlessChrome.HeadlessChrome(TC10_HeadlessChrome.java:13)
at tests.TC10_HeadlessChrome.HeadlessChrome(TC10_HeadlessChrome.java:13)
at tests.TC10_HeadlessChrome.HeadlessChrome(TC10_HeadlessChrome.java:13)
at tests.TC10_HeadlessChrome.HeadlessChrome(TC10_HeadlessChrome.java:13)
at tests.TC10_HeadlessChrome.HeadlessChrome(TC10_HeadlessChrome.java:13)
at tests.TC10_HeadlessChrome.HeadlessChrome(TC10_HeadlessChrome.java:13)
at tests.TC10_HeadlessChrome.HeadlessChrome(TC10_HeadlessChrome.java:13)
at tests.TC10_HeadlessChrome.HeadlessChrome(TC10_HeadlessChrome.java:13)
at tests.TC10_HeadlessChrome.HeadlessChrome(TC10_HeadlessChrome.java:13)
at tests.TC10_HeadlessChrome.HeadlessChrome(TC10_HeadlessChrome.java:13)
at tests.TC10_HeadlessChrome.HeadlessChrome(TC10_HeadlessChrome.java:13)
at tests.TC10_HeadlessChrome.HeadlessChrome(TC10_HeadlessChrome.java:13)
at tests.TC10_HeadlessChrome.HeadlessChrome(TC10_HeadlessChrome.java:13)
at tests.TC10_HeadlessChrome.HeadlessChrome(TC10_HeadlessChrome.java:13)
at tests.TC10_HeadlessChrome.HeadlessChrome(TC10_HeadlessChrome.java:13)
at tests.TC10_HeadlessChrome.HeadlessChrome(TC10_HeadlessChrome.java:13)
at tests.TC10_HeadlessChrome.HeadlessChrome(TC10_HeadlessChrome.java:13)
at tests.TC10_HeadlessChrome.HeadlessChrome(TC10_HeadlessChrome.java:13)
at tests.TC10_HeadlessChrome.HeadlessChrome(TC10_HeadlessChrome.java:13)
at tests.TC10_HeadlessChrome.HeadlessChrome(TC10_HeadlessChrome.java:13)
at tests.TC10_HeadlessChrome.HeadlessChrome(TC10_HeadlessChrome.java:13)
at tests.TC10_HeadlessChrome.HeadlessChrome(TC10_HeadlessChrome.java:13)
at tests.TC10_HeadlessChrome.HeadlessChrome(TC10_HeadlessChrome.java:13)
at tests.TC10_HeadlessChrome.HeadlessChrome(TC10_HeadlessChrome.java:13)
at tests.TC10_HeadlessChrome.HeadlessChrome(TC10_HeadlessChrome.java:13)
at tests.TC10_HeadlessChrome.HeadlessChrome(TC10_HeadlessChrome.java:13)
at tests.TC10_HeadlessChrome.HeadlessChrome(TC10_HeadlessChrome.java:13)
at tests.TC10_HeadlessChrome.HeadlessChrome(TC10_HeadlessChrome.java:13)
at tests.TC10_HeadlessChrome.HeadlessChrome(TC10_HeadlessChrome.java:13)
at tests.TC10_HeadlessChrome.HeadlessChrome(TC10_HeadlessChrome.java:13)
at tests.TC10_HeadlessChrome.HeadlessChrome(TC10_HeadlessChrome.java:13)
at tests.TC10_HeadlessChrome.HeadlessChrome(TC10_HeadlessChrome.java:13)
at tests.TC10_HeadlessChrome.HeadlessChrome(TC10_HeadlessChrome.java:13)
at tests.TC10_HeadlessChrome.HeadlessChrome(TC10_HeadlessChrome.java:13)
at tests.TC10_HeadlessChrome.HeadlessChrome(TC10_HeadlessChrome.java:13)
at tests.TC10_HeadlessChrome.HeadlessChrome(TC10_HeadlessChrome.java:13)
at tests.TC10_HeadlessChrome.HeadlessChrome(TC10_HeadlessChrome.java:13)
at tests.TC10_HeadlessChrome.HeadlessChrome(TC10_HeadlessChrome.java:13)
at tests.TC10_HeadlessChrome.HeadlessChrome(TC10_HeadlessChrome.java:13)
at tests.TC10_HeadlessChrome.HeadlessChrome(TC10_HeadlessChrome.java:13)
at tests.TC10_HeadlessChrome.HeadlessChrome(TC10_HeadlessChrome.java:13)
at tests.TC10_HeadlessChrome.HeadlessChrome(TC10_HeadlessChrome.java:13)
at tests.TC10_HeadlessChrome.HeadlessChrome(TC10_HeadlessChrome.java:13)
at tests.TC10_HeadlessChrome.HeadlessChrome(TC10_HeadlessChrome.java:13)
at tests.TC10_HeadlessChrome.HeadlessChrome(TC10_HeadlessChrome.java:13)
at tests.TC10_HeadlessChrome.HeadlessChrome(TC10_HeadlessChrome.java:13)
at tests.TC10_HeadlessChrome.HeadlessChrome(TC10_HeadlessChrome.java:13)
at tests.TC10_HeadlessChrome.HeadlessChrome(TC10_HeadlessChrome.java:13)
at tests.TC10_HeadlessChrome.HeadlessChrome(TC10_HeadlessChrome.java:13)
at tests.TC10_HeadlessChrome.HeadlessChrome(TC10_HeadlessChrome.java:13)
at tests.TC10_HeadlessChrome.HeadlessChrome(TC10_HeadlessChrome.java:13)
at tests.TC10_HeadlessChrome.HeadlessChrome(TC10_HeadlessChrome.java:13)
at tests.TC10_HeadlessChrome.HeadlessChrome(TC10_HeadlessChrome.java:13)
at tests.TC10_HeadlessChrome.HeadlessChrome(TC10_HeadlessChrome.java:13)
at tests.TC10_HeadlessChrome.HeadlessChrome(TC10_HeadlessChrome.java:13)
at tests.TC10_HeadlessChrome.HeadlessChrome(TC10_HeadlessChrome.java:13)
at tests.TC10_HeadlessChrome.HeadlessChrome(TC10_HeadlessChrome.java:13)
at tests.TC10_HeadlessChrome.HeadlessChrome(TC10_HeadlessChrome.java:13)
at tests.TC10_HeadlessChrome.HeadlessChrome(TC10_HeadlessChrome.java:13)
at tests.TC10_HeadlessChrome.HeadlessChrome(TC10_HeadlessChrome.java:13)
at tests.TC10_HeadlessChrome.HeadlessChrome(TC10_HeadlessChrome.java:13)
at tests.TC10_HeadlessChrome.HeadlessChrome(TC10_HeadlessChrome.java:13)
at tests.TC10_HeadlessChrome.HeadlessChrome(TC10_HeadlessChrome.java:13)
at tests.TC10_HeadlessChrome.HeadlessChrome(TC10_HeadlessChrome.java:13)
at tests.TC10_HeadlessChrome.HeadlessChrome(TC10_HeadlessChrome.java:13)
at tests.TC10_HeadlessChrome.HeadlessChrome(TC10_HeadlessChrome.java:13)
at tests.TC10_HeadlessChrome.HeadlessChrome(TC10_HeadlessChrome.java:13)
at tests.TC10_HeadlessChrome.HeadlessChrome(TC10_HeadlessChrome.java:13)
at tests.TC10_HeadlessChrome.HeadlessChrome(TC10_HeadlessChrome.java:13)
at tests.TC10_HeadlessChrome.HeadlessChrome(TC10_HeadlessChrome.java:13)
at tests.TC10_HeadlessChrome.HeadlessChrome(TC10_HeadlessChrome.java:13)
at tests.TC10_HeadlessChrome.HeadlessChrome(TC10_HeadlessChrome.java:13)
at tests.TC10_HeadlessChrome.HeadlessChrome(TC10_HeadlessChrome.java:13)
at tests.TC10_HeadlessChrome.HeadlessChrome(TC10_HeadlessChrome.java:13)
at tests.TC10_HeadlessChrome.HeadlessChrome(TC10_HeadlessChrome.java:13)
at tests.TC10_HeadlessChrome.HeadlessChrome(TC10_HeadlessChrome.java:13)
at tests.TC10_HeadlessChrome.HeadlessChrome(TC10_HeadlessChrome.java:13)
at tests.TC10_HeadlessChrome.HeadlessChrome(TC10_HeadlessChrome.java:13)
at tests.TC10_HeadlessChrome.HeadlessChrome(TC10_HeadlessChrome.java:13)
at tests.TC10_HeadlessChrome.HeadlessChrome(TC10_HeadlessChrome.java:13)
at tests.TC10_HeadlessChrome.HeadlessChrome(TC10_HeadlessChrome.java:13)
at tests.TC10_HeadlessChrome.HeadlessChrome(TC10_HeadlessChrome.java:13)
at tests.TC10_HeadlessChrome.HeadlessChrome(TC10_HeadlessChrome.java:13)
at tests.TC10_HeadlessChrome.HeadlessChrome(TC10_HeadlessChrome.java:13)
at tests.TC10_HeadlessChrome.HeadlessChrome(TC10_HeadlessChrome.java:13)
at tests.TC10_HeadlessChrome.HeadlessChrome(TC10_HeadlessChrome.java:13)
at tests.TC10_HeadlessChrome.HeadlessChrome(TC10_HeadlessChrome.java:13)
at tests.TC10_HeadlessChrome.HeadlessChrome(TC10_HeadlessChrome.java:13)
at tests.TC10_HeadlessChrome.HeadlessChrome(TC10_HeadlessChrome.java:13)
at tests.TC10_HeadlessChrome.HeadlessChrome(TC10_HeadlessChrome.java:13)
at tests.TC10_HeadlessChrome.HeadlessChrome(TC10_HeadlessChrome.java:13)
at tests.TC10_HeadlessChrome.HeadlessChrome(TC10_HeadlessChrome.java:13)
at tests.TC10_HeadlessChrome.HeadlessChrome(TC10_HeadlessChrome.java:13)
at tests.TC10_HeadlessChrome.HeadlessChrome(TC10_HeadlessChrome.java:13)
at tests.TC10_HeadlessChrome.HeadlessChrome(TC10_HeadlessChrome.java:13)
at tests.TC10_HeadlessChrome.HeadlessChrome(TC10_HeadlessChrome.java:13)
at tests.TC10_HeadlessChrome.HeadlessChrome(TC10_HeadlessChrome.java:13)
at tests.TC10_HeadlessChrome.HeadlessChrome(TC10_HeadlessChrome.java:13)
at tests.TC10_HeadlessChrome.HeadlessChrome(TC10_HeadlessChrome.java:13)
at tests.TC10_HeadlessChrome.HeadlessChrome(TC10_HeadlessChrome.java:13)
at tests.TC10_HeadlessChrome.HeadlessChrome(TC10_HeadlessChrome.java:13)
at tests.TC10_HeadlessChrome.HeadlessChrome(TC10_HeadlessChrome.java:13)
at tests.TC10_HeadlessChrome.HeadlessChrome(TC10_HeadlessChrome.java:13)
at tests.TC10_HeadlessChrome.HeadlessChrome(TC10_HeadlessChrome.java:13)
at tests.TC10_HeadlessChrome.HeadlessChrome(TC10_HeadlessChrome.java:13)
at tests.TC10_HeadlessChrome.HeadlessChrome(TC10_HeadlessChrome.java:13)
at tests.TC10_HeadlessChrome.HeadlessChrome(TC10_HeadlessChrome.java:13)
at tests.TC10_HeadlessChrome.HeadlessChrome(TC10_HeadlessChrome.java:13)
at tests.TC10_HeadlessChrome.HeadlessChrome(TC10_HeadlessChrome.java:13)
at tests.TC10_HeadlessChrome.HeadlessChrome(TC10_HeadlessChrome.java:13)
at tests.TC10_HeadlessChrome.HeadlessChrome(TC10_HeadlessChrome.java:13)
at tests.TC10_HeadlessChrome.HeadlessChrome(TC10_HeadlessChrome.java:13)
at tests.TC10_HeadlessChrome.HeadlessChrome(TC10_HeadlessChrome.java:13)
at tests.TC10_HeadlessChrome.HeadlessChrome(TC10_HeadlessChrome.java:13)
at tests.TC10_HeadlessChrome.HeadlessChrome(TC10_HeadlessChrome.java:13)
at tests.TC10_HeadlessChrome.HeadlessChrome(TC10_HeadlessChrome.java:13)
at tests.TC10_HeadlessChrome.HeadlessChrome(TC10_HeadlessChrome.java:13)
at tests.TC10_HeadlessChrome.HeadlessChrome(TC10_HeadlessChrome.java:13)
at tests.TC10_HeadlessChrome.HeadlessChrome(TC10_HeadlessChrome.java:13)
at tests.TC10_HeadlessChrome.HeadlessChrome(TC10_HeadlessChrome.java:13)
at tests.TC10_HeadlessChrome.HeadlessChrome(TC10_HeadlessChrome.java:13)
at tests.TC10_HeadlessChrome.HeadlessChrome(TC10_HeadlessChrome.java:13)
at tests.TC10_HeadlessChrome.HeadlessChrome(TC10_HeadlessChrome.java:13)
at tests.TC10_HeadlessChrome.HeadlessChrome(TC10_HeadlessChrome.java:13)
at tests.TC10_HeadlessChrome.HeadlessChrome(TC10_HeadlessChrome.java:13)
at tests.TC10_HeadlessChrome.HeadlessChrome(TC10_HeadlessChrome.java:13)
at tests.TC10_HeadlessChrome.HeadlessChrome(TC10_HeadlessChrome.java:13)
at tests.TC10_HeadlessChrome.HeadlessChrome(TC10_HeadlessChrome.java:13)
at tests.TC10_HeadlessChrome.HeadlessChrome(TC10_HeadlessChrome.java:13)
at tests.TC10_HeadlessChrome.HeadlessChrome(TC10_HeadlessChrome.java:13)
at tests.TC10_HeadlessChrome.HeadlessChrome(TC10_HeadlessChrome.java:13)
at tests.TC10_HeadlessChrome.HeadlessChrome(TC10_HeadlessChrome.java:13)
at tests.TC10_HeadlessChrome.HeadlessChrome(TC10_HeadlessChrome.java:13)
at tests.TC10_HeadlessChrome.HeadlessChrome(TC10_HeadlessChrome.java:13)
at tests.TC10_HeadlessChrome.HeadlessChrome(TC10_HeadlessChrome.java:13)
at tests.TC10_HeadlessChrome.HeadlessChrome(TC10_HeadlessChrome.java:13)
at tests.TC10_HeadlessChrome.HeadlessChrome(TC10_HeadlessChrome.java:13)
at tests.TC10_HeadlessChrome.HeadlessChrome(TC10_HeadlessChrome.java:13)
at tests.TC10_HeadlessChrome.HeadlessChrome(TC10_HeadlessChrome.java:13)
at tests.TC10_HeadlessChrome.HeadlessChrome(TC10_HeadlessChrome.java:13)
at tests.TC10_HeadlessChrome.HeadlessChrome(TC10_HeadlessChrome.java:13)
at tests.TC10_HeadlessChrome.HeadlessChrome(TC10_HeadlessChrome.java:13)
at tests.TC10_HeadlessChrome.HeadlessChrome(TC10_HeadlessChrome.java:13)
at tests.TC10_HeadlessChrome.HeadlessChrome(TC10_HeadlessChrome.java:13)
at tests.TC10_HeadlessChrome.HeadlessChrome(TC10_HeadlessChrome.java:13)
at tests.TC10_HeadlessChrome.HeadlessChrome(TC10_HeadlessChrome.java:13)
at tests.TC10_HeadlessChrome.HeadlessChrome(TC10_HeadlessChrome.java:13)
at tests.TC10_HeadlessChrome.HeadlessChrome(TC10_HeadlessChrome.java:13)
at tests.TC10_HeadlessChrome.HeadlessChrome(TC10_HeadlessChrome.java:13)
at tests.TC10_HeadlessChrome.HeadlessChrome(TC10_HeadlessChrome.java:13)
at tests.TC10_HeadlessChrome.HeadlessChrome(TC10_HeadlessChrome.java:13)
at tests.TC10_HeadlessChrome.HeadlessChrome(TC10_HeadlessChrome.java:13)
at tests.TC10_HeadlessChrome.HeadlessChrome(TC10_HeadlessChrome.java:13)
at tests.TC10_HeadlessChrome.HeadlessChrome(TC10_HeadlessChrome.java:13)
at tests.TC10_HeadlessChrome.HeadlessChrome(TC10_HeadlessChrome.java:13)
at tests.TC10_HeadlessChrome.HeadlessChrome(TC10_HeadlessChrome.java:13)
at tests.TC10_HeadlessChrome.HeadlessChrome(TC10_HeadlessChrome.java:13)
at tests.TC10_HeadlessChrome.HeadlessChrome(TC10_HeadlessChrome.java:13)
at tests.TC10_HeadlessChrome.HeadlessChrome(TC10_HeadlessChrome.java:13)
at tests.TC10_HeadlessChrome.HeadlessChrome(TC10_HeadlessChrome.java:13)
at tests.TC10_HeadlessChrome.HeadlessChrome(TC10_HeadlessChrome.java:13)
at tests.TC10_HeadlessChrome.HeadlessChrome(TC10_HeadlessChrome.java:13)
at tests.TC10_HeadlessChrome.HeadlessChrome(TC10_HeadlessChrome.java:13)
at tests.TC10_HeadlessChrome.HeadlessChrome(TC10_HeadlessChrome.java:13)
at tests.TC10_HeadlessChrome.HeadlessChrome(TC10_HeadlessChrome.java:13)
at tests.TC10_HeadlessChrome.HeadlessChrome(TC10_HeadlessChrome.java:13)
at tests.TC10_HeadlessChrome.HeadlessChrome(TC10_HeadlessChrome.java:13)
at tests.TC10_HeadlessChrome.HeadlessChrome(TC10_HeadlessChrome.java:13)
at tests.TC10_HeadlessChrome.HeadlessChrome(TC10_HeadlessChrome.java:13)
at tests.TC10_HeadlessChrome.HeadlessChrome(TC10_HeadlessChrome.java:13)
at tests.TC10_HeadlessChrome.HeadlessChrome(TC10_HeadlessChrome.java:13)
at tests.TC10_HeadlessChrome.HeadlessChrome(TC10_HeadlessChrome.java:13)
at tests.TC10_HeadlessChrome.HeadlessChrome(TC10_HeadlessChrome.java:13)
at tests.TC10_HeadlessChrome.HeadlessChrome(TC10_HeadlessChrome.java:13)
at tests.TC10_HeadlessChrome.HeadlessChrome(TC10_HeadlessChrome.java:13)
at tests.TC10_HeadlessChrome.HeadlessChrome(TC10_HeadlessChrome.java:13)
at tests.TC10_HeadlessChrome.HeadlessChrome(TC10_HeadlessChrome.java:13)
at tests.TC10_HeadlessChrome.HeadlessChrome(TC10_HeadlessChrome.java:13)
at tests.TC10_HeadlessChrome.HeadlessChrome(TC10_HeadlessChrome.java:13)
at tests.TC10_HeadlessChrome.HeadlessChrome(TC10_HeadlessChrome.java:13)
at tests.TC10_HeadlessChrome.HeadlessChrome(TC10_HeadlessChrome.java:13)
at tests.TC10_HeadlessChrome.HeadlessChrome(TC10_HeadlessChrome.java:13)
at tests.TC10_HeadlessChrome.HeadlessChrome(TC10_HeadlessChrome.java:13)
at tests.TC10_HeadlessChrome.HeadlessChrome(TC10_HeadlessChrome.java:13)
at tests.TC10_HeadlessChrome.HeadlessChrome(TC10_HeadlessChrome.java:13)
at tests.TC10_HeadlessChrome.HeadlessChrome(TC10_HeadlessChrome.java:13)
at tests.TC10_HeadlessChrome.HeadlessChrome(TC10_HeadlessChrome.java:13)
at tests.TC10_HeadlessChrome.HeadlessChrome(TC10_HeadlessChrome.java:13)
at tests.TC10_HeadlessChrome.HeadlessChrome(TC10_HeadlessChrome.java:13)
at tests.TC10_HeadlessChrome.HeadlessChrome(TC10_HeadlessChrome.java:13)
at tests.TC10_HeadlessChrome.HeadlessChrome(TC10_HeadlessChrome.java:13)
at tests.TC10_HeadlessChrome.HeadlessChrome(TC10_HeadlessChrome.java:13)
at tests.TC10_HeadlessChrome.HeadlessChrome(TC10_HeadlessChrome.java:13)
at tests.TC10_HeadlessChrome.HeadlessChrome(TC10_HeadlessChrome.java:13)
at tests.TC10_HeadlessChrome.HeadlessChrome(TC10_HeadlessChrome.java:13)
at tests.TC10_HeadlessChrome.HeadlessChrome(TC10_HeadlessChrome.java:13)
at tests.TC10_HeadlessChrome.HeadlessChrome(TC10_HeadlessChrome.java:13)
at tests.TC10_HeadlessChrome.HeadlessChrome(TC10_HeadlessChrome.java:13)
at tests.TC10_HeadlessChrome.HeadlessChrome(TC10_HeadlessChrome.java:13)
at tests.TC10_HeadlessChrome.HeadlessChrome(TC10_HeadlessChrome.java:13)
at tests.TC10_HeadlessChrome.HeadlessChrome(TC10_HeadlessChrome.java:13)
at tests.TC10_HeadlessChrome.HeadlessChrome(TC10_HeadlessChrome.java:13)
at tests.TC10_HeadlessChrome.HeadlessChrome(TC10_HeadlessChrome.java:13)
at tests.TC10_HeadlessChrome.HeadlessChrome(TC10_HeadlessChrome.java:13)
at tests.TC10_HeadlessChrome.HeadlessChrome(TC10_HeadlessChrome.java:13)
at tests.TC10_HeadlessChrome.HeadlessChrome(TC10_HeadlessChrome.java:13)
at tests.TC10_HeadlessChrome.HeadlessChrome(TC10_HeadlessChrome.java:13)
at tests.TC10_HeadlessChrome.HeadlessChrome(TC10_HeadlessChrome.java:13)
at tests.TC10_HeadlessChrome.HeadlessChrome(TC10_HeadlessChrome.java:13)
at tests.TC10_HeadlessChrome.HeadlessChrome(TC10_HeadlessChrome.java:13)
at tests.TC10_HeadlessChrome.HeadlessChrome(TC10_HeadlessChrome.java:13)
at tests.TC10_HeadlessChrome.HeadlessChrome(TC10_HeadlessChrome.java:13)
at tests.TC10_HeadlessChrome.HeadlessChrome(TC10_HeadlessChrome.java:13)
at tests.TC10_HeadlessChrome.HeadlessChrome(TC10_HeadlessChrome.java:13)
at tests.TC10_HeadlessChrome.HeadlessChrome(TC10_HeadlessChrome.java:13)
at tests.TC10_HeadlessChrome.HeadlessChrome(TC10_HeadlessChrome.java:13)
at tests.TC10_HeadlessChrome.HeadlessChrome(TC10_HeadlessChrome.java:13)
at tests.TC10_HeadlessChrome.HeadlessChrome(TC10_HeadlessChrome.java:13)
at tests.TC10_HeadlessChrome.HeadlessChrome(TC10_HeadlessChrome.java:13)
at tests.TC10_HeadlessChrome.HeadlessChrome(TC10_HeadlessChrome.java:13)
at tests.TC10_HeadlessChrome.HeadlessChrome(TC10_HeadlessChrome.java:13)
at tests.TC10_HeadlessChrome.HeadlessChrome(TC10_HeadlessChrome.java:13)
at tests.TC10_HeadlessChrome.HeadlessChrome(TC10_HeadlessChrome.java:13)
at tests.TC10_HeadlessChrome.HeadlessChrome(TC10_HeadlessChrome.java:13)
at tests.TC10_HeadlessChrome.HeadlessChrome(TC10_HeadlessChrome.java:13)
at tests.TC10_HeadlessChrome.HeadlessChrome(TC10_HeadlessChrome.java:13)
at tests.TC10_HeadlessChrome.HeadlessChrome(TC10_HeadlessChrome.java:13)
at tests.TC10_HeadlessChrome.HeadlessChrome(TC10_HeadlessChrome.java:13)
at tests.TC10_HeadlessChrome.HeadlessChrome(TC10_HeadlessChrome.java:13)
at tests.TC10_HeadlessChrome.HeadlessChrome(TC10_HeadlessChrome.java:13)
at tests.TC10_HeadlessChrome.HeadlessChrome(TC10_HeadlessChrome.java:13)
at tests.TC10_HeadlessChrome.HeadlessChrome(TC10_HeadlessChrome.java:13)
at tests.TC10_HeadlessChrome.HeadlessChrome(TC10_HeadlessChrome.java:13)
at tests.TC10_HeadlessChrome.HeadlessChrome(TC10_HeadlessChrome.java:13)
at tests.TC10_HeadlessChrome.HeadlessChrome(TC10_HeadlessChrome.java:13)
at tests.TC10_HeadlessChrome.HeadlessChrome(TC10_HeadlessChrome.java:13)
at tests.TC10_HeadlessChrome.HeadlessChrome(TC10_HeadlessChrome.java:13)
at tests.TC10_HeadlessChrome.HeadlessChrome(TC10_HeadlessChrome.java:13)
at tests.TC10_HeadlessChrome.HeadlessChrome(TC10_HeadlessChrome.java:13)
at tests.TC10_HeadlessChrome.HeadlessChrome(TC10_HeadlessChrome.java:13)
at tests.TC10_HeadlessChrome.HeadlessChrome(TC10_HeadlessChrome.java:13)
at tests.TC10_HeadlessChrome.HeadlessChrome(TC10_HeadlessChrome.java:13)
at tests.TC10_HeadlessChrome.HeadlessChrome(TC10_HeadlessChrome.java:13)
at tests.TC10_HeadlessChrome.HeadlessChrome(TC10_HeadlessChrome.java:13)
at tests.TC10_HeadlessChrome.HeadlessChrome(TC10_HeadlessChrome.java:13)
at tests.TC10_HeadlessChrome.HeadlessChrome(TC10_HeadlessChrome.java:13)
at tests.TC10_HeadlessChrome.HeadlessChrome(TC10_HeadlessChrome.java:13)
at tests.TC10_HeadlessChrome.HeadlessChrome(TC10_HeadlessChrome.java:13)
at tests.TC10_HeadlessChrome.HeadlessChrome(TC10_HeadlessChrome.java:13)
at tests.TC10_HeadlessChrome.HeadlessChrome(TC10_HeadlessChrome.java:13)
at tests.TC10_HeadlessChrome.HeadlessChrome(TC10_HeadlessChrome.java:13)
at tests.TC10_HeadlessChrome.HeadlessChrome(TC10_HeadlessChrome.java:13)
at tests.TC10_HeadlessChrome.HeadlessChrome(TC10_HeadlessChrome.java:13)
at tests.TC10_HeadlessChrome.HeadlessChrome(TC10_HeadlessChrome.java:13)
at tests.TC10_HeadlessChrome.HeadlessChrome(TC10_HeadlessChrome.java:13)
at tests.TC10_HeadlessChrome.HeadlessChrome(TC10_HeadlessChrome.java:13)
at tests.TC10_HeadlessChrome.HeadlessChrome(TC10_HeadlessChrome.java:13)
at tests.TC10_HeadlessChrome.HeadlessChrome(TC10_HeadlessChrome.java:13)
at tests.TC10_HeadlessChrome.HeadlessChrome(TC10_HeadlessChrome.java:13)
at tests.TC10_HeadlessChrome.HeadlessChrome(TC10_HeadlessChrome.java:13)
at tests.TC10_HeadlessChrome.HeadlessChrome(TC10_HeadlessChrome.java:13)
at tests.TC10_HeadlessChrome.HeadlessChrome(TC10_HeadlessChrome.java:13)
at tests.TC10_HeadlessChrome.HeadlessChrome(TC10_HeadlessChrome.java:13)
at tests.TC10_HeadlessChrome.HeadlessChrome(TC10_HeadlessChrome.java:13)
at tests.TC10_HeadlessChrome.HeadlessChrome(TC10_HeadlessChrome.java:13)
at tests.TC10_HeadlessChrome.HeadlessChrome(TC10_HeadlessChrome.java:13)
at tests.TC10_HeadlessChrome.HeadlessChrome(TC10_HeadlessChrome.java:13)
at tests.TC10_HeadlessChrome.HeadlessChrome(TC10_HeadlessChrome.java:13)
at tests.TC10_HeadlessChrome.HeadlessChrome(TC10_HeadlessChrome.java:13)
at tests.TC10_HeadlessChrome.HeadlessChrome(TC10_HeadlessChrome.java:13)
at tests.TC10_HeadlessChrome.HeadlessChrome(TC10_HeadlessChrome.java:13)
at tests.TC10_HeadlessChrome.HeadlessChrome(TC10_HeadlessChrome.java:13)
at tests.TC10_HeadlessChrome.HeadlessChrome(TC10_HeadlessChrome.java:13)
at tests.TC10_HeadlessChrome.HeadlessChrome(TC10_HeadlessChrome.java:13)
at tests.TC10_HeadlessChrome.HeadlessChrome(TC10_HeadlessChrome.java:13)
at tests.TC10_HeadlessChrome.HeadlessChrome(TC10_HeadlessChrome.java:13)
at tests.TC10_HeadlessChrome.HeadlessChrome(TC10_HeadlessChrome.java:13)
at tests.TC10_HeadlessChrome.HeadlessChrome(TC10_HeadlessChrome.java:13)
at tests.TC10_HeadlessChrome.HeadlessChrome(TC10_HeadlessChrome.java:13)
at tests.TC10_HeadlessChrome.HeadlessChrome(TC10_HeadlessChrome.java:13)
at tests.TC10_HeadlessChrome.HeadlessChrome(TC10_HeadlessChrome.java:13)
at tests.TC10_HeadlessChrome.HeadlessChrome(TC10_HeadlessChrome.java:13)
at tests.TC10_HeadlessChrome.HeadlessChrome(TC10_HeadlessChrome.java:13)
at tests.TC10_HeadlessChrome.HeadlessChrome(TC10_HeadlessChrome.java:13)
at tests.TC10_HeadlessChrome.HeadlessChrome(TC10_HeadlessChrome.java:13)
at tests.TC10_HeadlessChrome.HeadlessChrome(TC10_HeadlessChrome.java:13)
at tests.TC10_HeadlessChrome.HeadlessChrome(TC10_HeadlessChrome.java:13)
at tests.TC10_HeadlessChrome.HeadlessChrome(TC10_HeadlessChrome.java:13)
at tests.TC10_HeadlessChrome.HeadlessChrome(TC10_HeadlessChrome.java:13)
at tests.TC10_HeadlessChrome.HeadlessChrome(TC10_HeadlessChrome.java:13)
at tests.TC10_HeadlessChrome.HeadlessChrome(TC10_HeadlessChrome.java:13)
at tests.TC10_HeadlessChrome.HeadlessChrome(TC10_HeadlessChrome.java:13)
at tests.TC10_HeadlessChrome.HeadlessChrome(TC10_HeadlessChrome.java:13)
at tests.TC10_HeadlessChrome.HeadlessChrome(TC10_HeadlessChrome.java:13)
at tests.TC10_HeadlessChrome.HeadlessChrome(TC10_HeadlessChrome.java:13)
at tests.TC10_HeadlessChrome.HeadlessChrome(TC10_HeadlessChrome.java:13)
at tests.TC10_HeadlessChrome.HeadlessChrome(TC10_HeadlessChrome.java:13)
at tests.TC10_HeadlessChrome.HeadlessChrome(TC10_HeadlessChrome.java:13)
at tests.TC10_HeadlessChrome.HeadlessChrome(TC10_HeadlessChrome.java:13)
at tests.TC10_HeadlessChrome.HeadlessChrome(TC10_HeadlessChrome.java:13)
at tests.TC10_HeadlessChrome.HeadlessChrome(TC10_HeadlessChrome.java:13)
at tests.TC10_HeadlessChrome.HeadlessChrome(TC10_HeadlessChrome.java:13)
at tests.TC10_HeadlessChrome.HeadlessChrome(TC10_HeadlessChrome.java:13)
at tests.TC10_HeadlessChrome.HeadlessChrome(TC10_HeadlessChrome.java:13)
at tests.TC10_HeadlessChrome.HeadlessChrome(TC10_HeadlessChrome.java:13)
at tests.TC10_HeadlessChrome.HeadlessChrome(TC10_HeadlessChrome.java:13)
at tests.TC10_HeadlessChrome.HeadlessChrome(TC10_HeadlessChrome.java:13)
at tests.TC10_HeadlessChrome.HeadlessChrome(TC10_HeadlessChrome.java:13)
at tests.TC10_HeadlessChrome.HeadlessChrome(TC10_HeadlessChrome.java:13)
at tests.TC10_HeadlessChrome.HeadlessChrome(TC10_HeadlessChrome.java:13)
at tests.TC10_HeadlessChrome.HeadlessChrome(TC10_HeadlessChrome.java:13)
at tests.TC10_HeadlessChrome.HeadlessChrome(TC10_HeadlessChrome.java:13)
at tests.TC10_HeadlessChrome.HeadlessChrome(TC10_HeadlessChrome.java:13)
at tests.TC10_HeadlessChrome.HeadlessChrome(TC10_HeadlessChrome.java:13)
at tests.TC10_HeadlessChrome.HeadlessChrome(TC10_HeadlessChrome.java:13)
at tests.TC10_HeadlessChrome.HeadlessChrome(TC10_HeadlessChrome.java:13)
at tests.TC10_HeadlessChrome.HeadlessChrome(TC10_HeadlessChrome.java:13)
at tests.TC10_HeadlessChrome.HeadlessChrome(TC10_HeadlessChrome.java:13)
at tests.TC10_HeadlessChrome.HeadlessChrome(TC10_HeadlessChrome.java:13)
at tests.TC10_HeadlessChrome.HeadlessChrome(TC10_HeadlessChrome.java:13)
at tests.TC10_HeadlessChrome.HeadlessChrome(TC10_HeadlessChrome.java:13)
at tests.TC10_HeadlessChrome.HeadlessChrome(TC10_HeadlessChrome.java:13)
at tests.TC10_HeadlessChrome.HeadlessChrome(TC10_HeadlessChrome.java:13)
at tests.TC10_HeadlessChrome.HeadlessChrome(TC10_HeadlessChrome.java:13)
at tests.TC10_HeadlessChrome.HeadlessChrome(TC10_HeadlessChrome.java:13)
at tests.TC10_HeadlessChrome.HeadlessChrome(TC10_HeadlessChrome.java:13)
at tests.TC10_HeadlessChrome.HeadlessChrome(TC10_HeadlessChrome.java:13)
at tests.TC10_HeadlessChrome.HeadlessChrome(TC10_HeadlessChrome.java:13)
at tests.TC10_HeadlessChrome.HeadlessChrome(TC10_HeadlessChrome.java:13)
at tests.TC10_HeadlessChrome.HeadlessChrome(TC10_HeadlessChrome.java:13)
at tests.TC10_HeadlessChrome.HeadlessChrome(TC10_HeadlessChrome.java:13)
at tests.TC10_HeadlessChrome.HeadlessChrome(TC10_HeadlessChrome.java:13)
at tests.TC10_HeadlessChrome.HeadlessChrome(TC10_HeadlessChrome.java:13)
at tests.TC10_HeadlessChrome.HeadlessChrome(TC10_HeadlessChrome.java:13)
at tests.TC10_HeadlessChrome.HeadlessChrome(TC10_HeadlessChrome.java:13)
at tests.TC10_HeadlessChrome.HeadlessChrome(TC10_HeadlessChrome.java:13)
at tests.TC10_HeadlessChrome.HeadlessChrome(TC10_HeadlessChrome.java:13)
at tests.TC10_HeadlessChrome.HeadlessChrome(TC10_HeadlessChrome.java:13)
at tests.TC10_HeadlessChrome.HeadlessChrome(TC10_HeadlessChrome.java:13)
at tests.TC10_HeadlessChrome.HeadlessChrome(TC10_HeadlessChrome.java:13)
at tests.TC10_HeadlessChrome.HeadlessChrome(TC10_HeadlessChrome.java:13)
at tests.TC10_HeadlessChrome.HeadlessChrome(TC10_HeadlessChrome.java:13)
at tests.TC10_HeadlessChrome.HeadlessChrome(TC10_HeadlessChrome.java:13)
at tests.TC10_HeadlessChrome.HeadlessChrome(TC10_HeadlessChrome.java:13)
at tests.TC10_HeadlessChrome.HeadlessChrome(TC10_HeadlessChrome.java:13)
at tests.TC10_HeadlessChrome.HeadlessChrome(TC10_HeadlessChrome.java:13)
at tests.TC10_HeadlessChrome.HeadlessChrome(TC10_HeadlessChrome.java:13)
at tests.TC10_HeadlessChrome.HeadlessChrome(TC10_HeadlessChrome.java:13)
at tests.TC10_HeadlessChrome.HeadlessChrome(TC10_HeadlessChrome.java:13)
at tests.TC10_HeadlessChrome.HeadlessChrome(TC10_HeadlessChrome.java:13)
at tests.TC10_HeadlessChrome.HeadlessChrome(TC10_HeadlessChrome.java:13)
at tests.TC10_HeadlessChrome.HeadlessChrome(TC10_HeadlessChrome.java:13)
at tests.TC10_HeadlessChrome.HeadlessChrome(TC10_HeadlessChrome.java:13)
at tests.TC10_HeadlessChrome.HeadlessChrome(TC10_HeadlessChrome.java:13)
at tests.TC10_HeadlessChrome.HeadlessChrome(TC10_HeadlessChrome.java:13)
at tests.TC10_HeadlessChrome.HeadlessChrome(TC10_HeadlessChrome.java:13)
at tests.TC10_HeadlessChrome.HeadlessChrome(TC10_HeadlessChrome.java:13)
at tests.TC10_HeadlessChrome.HeadlessChrome(TC10_HeadlessChrome.java:13)
at tests.TC10_HeadlessChrome.HeadlessChrome(TC10_HeadlessChrome.java:13)
at tests.TC10_HeadlessChrome.HeadlessChrome(TC10_HeadlessChrome.java:13)
at tests.TC10_HeadlessChrome.HeadlessChrome(TC10_HeadlessChrome.java:13)
at tests.TC10_HeadlessChrome.HeadlessChrome(TC10_HeadlessChrome.java:13)
at tests.TC10_HeadlessChrome.HeadlessChrome(TC10_HeadlessChrome.java:13)
at tests.TC10_HeadlessChrome.HeadlessChrome(TC10_HeadlessChrome.java:13)
at tests.TC10_HeadlessChrome.HeadlessChrome(TC10_HeadlessChrome.java:13)
at tests.TC10_HeadlessChrome.HeadlessChrome(TC10_HeadlessChrome.java:13)
at tests.TC10_HeadlessChrome.HeadlessChrome(TC10_HeadlessChrome.java:13)
at tests.TC10_HeadlessChrome.HeadlessChrome(TC10_HeadlessChrome.java:13)
]]>
    </error>
  </testcase> <!-- HeadlessChrome -->
</testsuite> <!-- tests.TC10_HeadlessChrome -->
