<?xml version="1.0" encoding="UTF-8"?>
<!-- Generated by org.testng.reporters.JUnitReportReporter -->
<testsuite hostname="DESKTOP-H3UQ7ED" failures="0" tests="1" name="tests.TC03_CheckingBrokenLinks" time="20.256" errors="0" timestamp="2023-12-17T21:01:06 IST" skipped="0">
  <testcase classname="tests.TC03_CheckingBrokenLinks" name="CheckBrokenLinksTest" time="20.256"/>
</testsuite> <!-- tests.TC03_CheckingBrokenLinks -->
